[35m[Appium][39m Welcome to Appium v1.22.3
[35m[Appium][39m Non-default server args:
[35m[Appium][39m   port: 64164
[35m[Appium][39m   loglevel: info
[35m[Appium][39m   tmpDir: C:\Users\GO\AppData\Local\Temp\\Katalon\Appium\Temp1709350779339
[35m[Appium][39m   chromedriverPort: 64166
[35m[Appium][39m Deprecated server args:
[35m[Appium][39m   [31m--chromedriver-port[39m => --default-capabilities
[35m[Appium][39m Default capabilities, which will be added to each request unless overridden by desired capabilities:
[35m[Appium][39m   chromedriverPort: 64166
[35m[Appium][39m Appium REST http interface listener started on 0.0.0.0:64164
[35m[HTTP][39m [37m-->[39m [37mGET[39m [37m/wd/hub/status[39m
[35m[HTTP][39m [90m{}[39m
[35m[HTTP][39m [37m<-- GET /wd/hub/status [39m[32m200[39m [90m12 ms - 68[39m
[35m[HTTP][39m [90m[39m
[35m[HTTP][39m [37m-->[39m [37mGET[39m [37m/wd/hub/status[39m
[35m[HTTP][39m [90m{}[39m
[35m[HTTP][39m [37m<-- GET /wd/hub/status [39m[32m200[39m [90m1 ms - 68[39m
[35m[HTTP][39m [90m[39m
[35m[HTTP][39m [37m-->[39m [37mPOST[39m [37m/wd/hub/session[39m
[35m[HTTP][39m [90m{"desiredCapabilities":{"app":"C:\\Users\\GO\\Downloads\\Diary with lock_4.96_apkcombo.com.apk","noReset":true,"deviceName":"emulator-5554 (Android SDK built for x86 - Android 11)","fullReset":false,"platform":"ANDROID","newCommandTimeout":1800,"platformVersion":"11","automationName":"uiautomator2","autoGrantPermissions":true,"platformName":"Android","udid":"emulator-5554","systemPort":64175},"capabilities":{"firstMatch":[{"appium:app":"C:\\Users\\GO\\Downloads\\Diary with lock_4.96_apkcombo.com.apk","appium:autoGrantPermissions":true,"appium:automationName":"uiautomator2","appium:deviceName":"emulator-5554 (Android SDK built for x86 - Android 11)","appium:fullReset":false,"appium:newCommandTimeout":1800,"appium:noReset":true,"platform":"ANDROID","platformName":"android","appium:platformVersion":"11","appium:systemPort":64175,"appium:udid":"emulator-5554"}]}}[39m
[35m[BaseDriver][39m The following capabilities are not standard capabilities and should have an extension prefix:
[35m[BaseDriver][39m   platform
[35m[BaseDriver][39m   chromedriverPort
[35m[Appium][39m Appium v1.22.3 creating new AndroidUiautomator2Driver (v1.70.1) session
[35m[BaseDriver][39m The following capabilities were provided, but are not recognized by Appium:
[35m[BaseDriver][39m   platform
[35m[BaseDriver][39m Session created with session id: 6a401049-c0a4-4a5a-a772-ec42bf334a05
[35m[BaseDriver][39m Using local app 'C:\Users\GO\Downloads\Diary with lock_4.96_apkcombo.com.apk'
[35m[ADB][39m Found 1 'build-tools' folders under 'C:\Users\GO\.katalon\tools\android_sdk' (newest first):
[35m[ADB][39m     C:/Users/GO/.katalon/tools/android_sdk/build-tools/29.0.3
[35m[ADB][39m Using 'adb.exe' from 'C:\Users\GO\.katalon\tools\android_sdk\platform-tools\adb.exe'
[35m[AndroidDriver][39m Retrieving device list
[35m[AndroidDriver][39m Using device: emulator-5554
[35m[ADB][39m Using 'adb.exe' from 'C:\Users\GO\.katalon\tools\android_sdk\platform-tools\adb.exe'
[35m[ADB][39m Getting device platform version
[35m[UiAutomator2][39m Relaxing hidden api policy
[35m[ADB][39m Package name: 'com.adpog.diary'
[35m[ADB][39m Main activity name: 'com.adpog.diary.Main'
[35m[UiAutomator2][39m Server package at 'C:\Program Files\Appium Server GUI\resources\app\node_modules\appium\node_modules\appium-uiautomator2-server\apks\appium-uiautomator2-server-v4.27.0.apk' is not writeable. Will copy it into the temporary location at 'C:\Users\GO\AppData\Local\Temp\Katalon\Appium\Temp1709350779339\202422-7116-1xezdmb.h6nfi' as a workaround. Consider making this file writeable manually in order to improve the performance of session startup.
[35m[UiAutomator2][39m Server package at 'C:\Program Files\Appium Server GUI\resources\app\node_modules\appium\node_modules\appium-uiautomator2-server\apks\appium-uiautomator2-server-debug-androidTest.apk' is not writeable. Will copy it into the temporary location at 'C:\Users\GO\AppData\Local\Temp\Katalon\Appium\Temp1709350779339\202422-7116-1xezdmb.h6nfi' as a workaround. Consider making this file writeable manually in order to improve the performance of session startup.
[35m[ADB][39m Using 'apksigner.jar' from 'C:\Users\GO\.katalon\tools\android_sdk\build-tools\29.0.3\lib\apksigner.jar'
[35m[ADB][39m 'C:\Users\GO\AppData\Local\Temp\Katalon\Appium\Temp1709350779339\202422-7116-1xezdmb.h6nfi\appium-uiautomator2-server-v4.27.0.apk' is signed with the default certificate
[35m[ADB][39m 'C:\Users\GO\AppData\Local\Temp\Katalon\Appium\Temp1709350779339\202422-7116-1xezdmb.h6nfi\appium-uiautomator2-server-debug-androidTest.apk' is signed with the default certificate
[35m[UiAutomator2][39m Server packages are not going to be (re)installed
[35m[ADB][39m Adding packages ["io.appium.settings","io.appium.uiautomator2.server","io.appium.uiautomator2.server.test"] to Doze whitelist
[35m[ADB][39m 'C:\Users\GO\Downloads\Diary with lock_4.96_apkcombo.com.apk' is signed with a non-default certificate
[35m[ADB][39m The application at 'C:\Users\GO\Downloads\Diary with lock_4.96_apkcombo.com.apk' will not be cached, because the device under test has confirmed the support of streamed installs
[35m[ADB][39m The installation of 'Diary with lock_4.96_apkcombo.com.apk' took 4952ms
[35m[UiAutomator2][39m Starting UIAutomator2 server 4.27.0
[35m[UiAutomator2][39m Using UIAutomator2 server from 'C:\Program Files\Appium Server GUI\resources\app\node_modules\appium\node_modules\appium-uiautomator2-server\apks\appium-uiautomator2-server-v4.27.0.apk' and test from 'C:\Program Files\Appium Server GUI\resources\app\node_modules\appium\node_modules\appium-uiautomator2-server\apks\appium-uiautomator2-server-debug-androidTest.apk'
[35m[UiAutomator2][39m Waiting up to 30000ms for UiAutomator2 to be online...
[35m[WD Proxy][39m socket hang up
[35m[WD Proxy][39m socket hang up
[35m[WD Proxy][39m socket hang up
[35m[WD Proxy][39m socket hang up
[35m[WD Proxy][39m socket hang up
[35m[WD Proxy][39m Determined the downstream protocol as 'W3C'
[35m[AndroidDriver][39m Screen already unlocked, doing nothing
[35m[UiAutomator2][39m Starting 'com.adpog.diary/com.adpog.diary.Main and waiting for 'com.adpog.diary/com.adpog.diary.Main'
[35m[Appium][39m New AndroidUiautomator2Driver session created successfully, session 6a401049-c0a4-4a5a-a772-ec42bf334a05 added to master session list
[35m[HTTP][39m [37m<-- POST /wd/hub/session [39m[32m200[39m [90m26692 ms - 1328[39m
[35m[HTTP][39m [90m[39m
[35m[HTTP][39m [37m-->[39m [37mGET[39m [37m/wd/hub/session/6a401049-c0a4-4a5a-a772-ec42bf334a05[39m
[35m[HTTP][39m [90m{}[39m
[35m[HTTP][39m [37m<-- GET /wd/hub/session/6a401049-c0a4-4a5a-a772-ec42bf334a05 [39m[32m200[39m [90m15 ms - 1282[39m
[35m[HTTP][39m [90m[39m
[35m[HTTP][39m [37m-->[39m [37mGET[39m [37m/wd/hub/session/6a401049-c0a4-4a5a-a772-ec42bf334a05[39m
[35m[HTTP][39m [90m{}[39m
[35m[HTTP][39m [37m<-- GET /wd/hub/session/6a401049-c0a4-4a5a-a772-ec42bf334a05 [39m[32m200[39m [90m19 ms - 1282[39m
[35m[HTTP][39m [90m[39m
[35m[HTTP][39m [37m-->[39m [37mGET[39m [37m/wd/hub/status[39m
[35m[HTTP][39m [90m{}[39m
[35m[HTTP][39m [37m<-- GET /wd/hub/status [39m[32m200[39m [90m2 ms - 68[39m
[35m[HTTP][39m [90m[39m
[35m[HTTP][39m [37m-->[39m [37mPOST[39m [37m/wd/hub/session/6a401049-c0a4-4a5a-a772-ec42bf334a05/timeouts[39m
[35m[HTTP][39m [90m{"implicit":60000}[39m
[35m[HTTP][39m [37m<-- POST /wd/hub/session/6a401049-c0a4-4a5a-a772-ec42bf334a05/timeouts [39m[32m200[39m [90m3 ms - 14[39m
[35m[HTTP][39m [90m[39m
[35m[HTTP][39m [37m-->[39m [37mGET[39m [37m/wd/hub/session/6a401049-c0a4-4a5a-a772-ec42bf334a05/source[39m
[35m[HTTP][39m [90m{}[39m
[35m[W3C (6a401049)][39m Driver proxy active, passing request on via HTTP proxy
[35m[WD Proxy][39m Replacing sessionId ffb0cb67-64c5-42d0-8add-e6cfbe61ae32 with 6a401049-c0a4-4a5a-a772-ec42bf334a05
[35m[HTTP][39m [37m<-- GET /wd/hub/session/6a401049-c0a4-4a5a-a772-ec42bf334a05/source [39m[32m200[39m [90m195 ms - 6850[39m
[35m[HTTP][39m [90m[39m
[35m[HTTP][39m [37m-->[39m [37mGET[39m [37m/wd/hub/session/6a401049-c0a4-4a5a-a772-ec42bf334a05/screenshot[39m
[35m[HTTP][39m [90m{}[39m
[35m[HTTP][39m [37m<-- GET /wd/hub/session/6a401049-c0a4-4a5a-a772-ec42bf334a05/screenshot [39m[32m200[39m [90m1008 ms - 105986[39m
[35m[HTTP][39m [90m[39m
[35m[HTTP][39m [37m-->[39m [37mGET[39m [37m/wd/hub/session/6a401049-c0a4-4a5a-a772-ec42bf334a05/context[39m
[35m[HTTP][39m [90m{}[39m
[35m[HTTP][39m [37m<-- GET /wd/hub/session/6a401049-c0a4-4a5a-a772-ec42bf334a05/context [39m[32m200[39m [90m5 ms - 22[39m
[35m[HTTP][39m [90m[39m
[35m[HTTP][39m [37m-->[39m [37mGET[39m [37m/wd/hub/session/6a401049-c0a4-4a5a-a772-ec42bf334a05/contexts[39m
[35m[HTTP][39m [90m{}[39m
[35m[HTTP][39m [37m<-- GET /wd/hub/session/6a401049-c0a4-4a5a-a772-ec42bf334a05/contexts [39m[32m200[39m [90m102 ms - 24[39m
[35m[HTTP][39m [90m[39m
[35m[HTTP][39m [37m-->[39m [37mPOST[39m [37m/wd/hub/session/6a401049-c0a4-4a5a-a772-ec42bf334a05/context[39m
[35m[HTTP][39m [90m{"name":"NATIVE_APP"}[39m
[35m[HTTP][39m [37m<-- POST /wd/hub/session/6a401049-c0a4-4a5a-a772-ec42bf334a05/context [39m[32m200[39m [90m3 ms - 14[39m
[35m[HTTP][39m [90m[39m
[35m[HTTP][39m [37m-->[39m [37mPOST[39m [37m/wd/hub/session/6a401049-c0a4-4a5a-a772-ec42bf334a05/touch/perform[39m
[35m[HTTP][39m [90m{"actions":[{"action":"press","options":{"x":1000,"y":800}},{"action":"wait","options":{"ms":500}},{"action":"moveTo","options":{"x":500,"y":300}},{"action":"release","options":{}}]}[39m
[35m[HTTP][39m [37m<-- POST /wd/hub/session/6a401049-c0a4-4a5a-a772-ec42bf334a05/touch/perform [39m[32m200[39m [90m1256 ms - 14[39m
[35m[HTTP][39m [90m[39m
[35m[HTTP][39m [37m-->[39m [37mPOST[39m [37m/wd/hub/session/6a401049-c0a4-4a5a-a772-ec42bf334a05/context[39m
[35m[HTTP][39m [90m{"name":"NATIVE_APP"}[39m
[35m[HTTP][39m [37m<-- POST /wd/hub/session/6a401049-c0a4-4a5a-a772-ec42bf334a05/context [39m[32m200[39m [90m3 ms - 14[39m
[35m[HTTP][39m [90m[39m
[35m[HTTP][39m [37m-->[39m [37mGET[39m [37m/wd/hub/session/6a401049-c0a4-4a5a-a772-ec42bf334a05/source[39m
[35m[HTTP][39m [90m{}[39m
[35m[W3C (6a401049)][39m Driver proxy active, passing request on via HTTP proxy
[35m[WD Proxy][39m Replacing sessionId ffb0cb67-64c5-42d0-8add-e6cfbe61ae32 with 6a401049-c0a4-4a5a-a772-ec42bf334a05
[35m[HTTP][39m [37m<-- GET /wd/hub/session/6a401049-c0a4-4a5a-a772-ec42bf334a05/source [39m[32m200[39m [90m330 ms - 26296[39m
[35m[HTTP][39m [90m[39m
[35m[HTTP][39m [37m-->[39m [37mGET[39m [37m/wd/hub/session/6a401049-c0a4-4a5a-a772-ec42bf334a05/screenshot[39m
[35m[HTTP][39m [90m{}[39m
[35m[HTTP][39m [37m<-- GET /wd/hub/session/6a401049-c0a4-4a5a-a772-ec42bf334a05/screenshot [39m[32m200[39m [90m647 ms - 169404[39m
[35m[HTTP][39m [90m[39m
[35m[HTTP][39m [37m-->[39m [37mPOST[39m [37m/wd/hub/session/6a401049-c0a4-4a5a-a772-ec42bf334a05/elements[39m
[35m[HTTP][39m [90m{"using":"xpath","value":"//*[@class = 'android.widget.Button' and (@text = 'Sign in' or . = 'Sign in') and @resource-id = 'com.adpog.diary:id/nav_button']"}[39m
[35m[HTTP][39m [37m<-- POST /wd/hub/session/6a401049-c0a4-4a5a-a772-ec42bf334a05/elements [39m[32m200[39m [90m1373 ms - 139[39m
[35m[HTTP][39m [90m[39m
[35m[HTTP][39m [37m-->[39m [37mGET[39m [37m/wd/hub/session/6a401049-c0a4-4a5a-a772-ec42bf334a05/window/rect[39m
[35m[HTTP][39m [90m{}[39m
[35m[HTTP][39m [37m<-- GET /wd/hub/session/6a401049-c0a4-4a5a-a772-ec42bf334a05/window/rect [39m[32m200[39m [90m26 ms - 50[39m
[35m[HTTP][39m [90m[39m
[35m[HTTP][39m [37m-->[39m [37mPOST[39m [37m/wd/hub/session/6a401049-c0a4-4a5a-a772-ec42bf334a05/elements[39m
[35m[HTTP][39m [90m{"using":"xpath","value":"//*[@class = 'android.widget.Button' and (@text = 'Sign in' or . = 'Sign in') and @resource-id = 'com.adpog.diary:id/nav_button']"}[39m
[35m[HTTP][39m [37m<-- POST /wd/hub/session/6a401049-c0a4-4a5a-a772-ec42bf334a05/elements [39m[32m200[39m [90m330 ms - 139[39m
[35m[HTTP][39m [90m[39m
[35m[HTTP][39m [37m-->[39m [37mGET[39m [37m/wd/hub/session/6a401049-c0a4-4a5a-a772-ec42bf334a05/element/00000000-0000-0170-ffff-ffff0000003b/location[39m
[35m[HTTP][39m [90m{}[39m
[35m[W3C (6a401049)][39m Driver proxy active, passing request on via HTTP proxy
[35m[WD Proxy][39m Replacing sessionId ffb0cb67-64c5-42d0-8add-e6cfbe61ae32 with 6a401049-c0a4-4a5a-a772-ec42bf334a05
[35m[HTTP][39m [37m<-- GET /wd/hub/session/6a401049-c0a4-4a5a-a772-ec42bf334a05/element/00000000-0000-0170-ffff-ffff0000003b/location [39m[32m200[39m [90m32 ms - 78[39m
[35m[HTTP][39m [90m[39m
[35m[HTTP][39m [37m-->[39m [37mPOST[39m [37m/wd/hub/session/6a401049-c0a4-4a5a-a772-ec42bf334a05/element/00000000-0000-0170-ffff-ffff0000003b/click[39m
[35m[HTTP][39m [90m{"id":"00000000-0000-0170-ffff-ffff0000003b"}[39m
[35m[HTTP][39m [37m<-- POST /wd/hub/session/6a401049-c0a4-4a5a-a772-ec42bf334a05/element/00000000-0000-0170-ffff-ffff0000003b/click [39m[32m200[39m [90m113 ms - 14[39m
[35m[HTTP][39m [90m[39m
[35m[HTTP][39m [37m-->[39m [37mGET[39m [37m/wd/hub/session/6a401049-c0a4-4a5a-a772-ec42bf334a05/source[39m
[35m[HTTP][39m [90m{}[39m
[35m[W3C (6a401049)][39m Driver proxy active, passing request on via HTTP proxy
[35m[WD Proxy][39m Replacing sessionId ffb0cb67-64c5-42d0-8add-e6cfbe61ae32 with 6a401049-c0a4-4a5a-a772-ec42bf334a05
[35m[HTTP][39m [37m<-- GET /wd/hub/session/6a401049-c0a4-4a5a-a772-ec42bf334a05/source [39m[32m200[39m [90m465 ms - 14859[39m
[35m[HTTP][39m [90m[39m
[35m[HTTP][39m [37m-->[39m [37mGET[39m [37m/wd/hub/session/6a401049-c0a4-4a5a-a772-ec42bf334a05/screenshot[39m
[35m[HTTP][39m [90m{}[39m
[35m[HTTP][39m [37m<-- GET /wd/hub/session/6a401049-c0a4-4a5a-a772-ec42bf334a05/screenshot [39m[32m200[39m [90m629 ms - 121570[39m
[35m[HTTP][39m [90m[39m
[35m[HTTP][39m [37m-->[39m [37mPOST[39m [37m/wd/hub/session/6a401049-c0a4-4a5a-a772-ec42bf334a05/elements[39m
[35m[HTTP][39m [90m{"using":"xpath","value":"//*[@class = 'android.widget.Button' and (@text = 'SIGN IN TO EXISTING ACCOUNT' or . = 'SIGN IN TO EXISTING ACCOUNT') and @resource-id = 'com.adpog.diary:id/login']"}[39m
[35m[HTTP][39m [37m<-- POST /wd/hub/session/6a401049-c0a4-4a5a-a772-ec42bf334a05/elements [39m[32m200[39m [90m101 ms - 139[39m
[35m[HTTP][39m [90m[39m
[35m[HTTP][39m [37m-->[39m [37mGET[39m [37m/wd/hub/session/6a401049-c0a4-4a5a-a772-ec42bf334a05/window/rect[39m
[35m[HTTP][39m [90m{}[39m
[35m[HTTP][39m [37m<-- GET /wd/hub/session/6a401049-c0a4-4a5a-a772-ec42bf334a05/window/rect [39m[32m200[39m [90m21 ms - 50[39m
[35m[HTTP][39m [90m[39m
[35m[HTTP][39m [37m-->[39m [37mPOST[39m [37m/wd/hub/session/6a401049-c0a4-4a5a-a772-ec42bf334a05/elements[39m
[35m[HTTP][39m [90m{"using":"xpath","value":"//*[@class = 'android.widget.Button' and (@text = 'SIGN IN TO EXISTING ACCOUNT' or . = 'SIGN IN TO EXISTING ACCOUNT') and @resource-id = 'com.adpog.diary:id/login']"}[39m
[35m[HTTP][39m [37m<-- POST /wd/hub/session/6a401049-c0a4-4a5a-a772-ec42bf334a05/elements [39m[32m200[39m [90m157 ms - 139[39m
[35m[HTTP][39m [90m[39m
[35m[HTTP][39m [37m-->[39m [37mGET[39m [37m/wd/hub/session/6a401049-c0a4-4a5a-a772-ec42bf334a05/element/00000000-0000-0171-ffff-ffff00000085/location[39m
[35m[HTTP][39m [90m{}[39m
[35m[W3C (6a401049)][39m Driver proxy active, passing request on via HTTP proxy
[35m[WD Proxy][39m Replacing sessionId ffb0cb67-64c5-42d0-8add-e6cfbe61ae32 with 6a401049-c0a4-4a5a-a772-ec42bf334a05
[35m[HTTP][39m [37m<-- GET /wd/hub/session/6a401049-c0a4-4a5a-a772-ec42bf334a05/element/00000000-0000-0171-ffff-ffff00000085/location [39m[32m200[39m [90m30 ms - 77[39m
[35m[HTTP][39m [90m[39m
[35m[HTTP][39m [37m-->[39m [37mPOST[39m [37m/wd/hub/session/6a401049-c0a4-4a5a-a772-ec42bf334a05/elements[39m
[35m[HTTP][39m [90m{"using":"xpath","value":"//*[@class = 'android.widget.Button' and (@text = 'SIGN IN TO EXISTING ACCOUNT' or . = 'SIGN IN TO EXISTING ACCOUNT') and @resource-id = 'com.adpog.diary:id/login']"}[39m
[35m[HTTP][39m [37m<-- POST /wd/hub/session/6a401049-c0a4-4a5a-a772-ec42bf334a05/elements [39m[32m200[39m [90m136 ms - 139[39m
[35m[HTTP][39m [90m[39m
[35m[HTTP][39m [37m-->[39m [37mGET[39m [37m/wd/hub/session/6a401049-c0a4-4a5a-a772-ec42bf334a05/element/00000000-0000-0171-ffff-ffff00000085/location[39m
[35m[HTTP][39m [90m{}[39m
[35m[W3C (6a401049)][39m Driver proxy active, passing request on via HTTP proxy
[35m[WD Proxy][39m Replacing sessionId ffb0cb67-64c5-42d0-8add-e6cfbe61ae32 with 6a401049-c0a4-4a5a-a772-ec42bf334a05
[35m[HTTP][39m [37m<-- GET /wd/hub/session/6a401049-c0a4-4a5a-a772-ec42bf334a05/element/00000000-0000-0171-ffff-ffff00000085/location [39m[32m200[39m [90m28 ms - 77[39m
[35m[HTTP][39m [90m[39m
[35m[HTTP][39m [37m-->[39m [37mPOST[39m [37m/wd/hub/session/6a401049-c0a4-4a5a-a772-ec42bf334a05/elements[39m
[35m[HTTP][39m [90m{"using":"xpath","value":"//*[@class = 'android.widget.Button' and (@text = 'SIGN IN TO EXISTING ACCOUNT' or . = 'SIGN IN TO EXISTING ACCOUNT') and @resource-id = 'com.adpog.diary:id/login']"}[39m
[35m[HTTP][39m [37m<-- POST /wd/hub/session/6a401049-c0a4-4a5a-a772-ec42bf334a05/elements [39m[32m200[39m [90m167 ms - 139[39m
[35m[HTTP][39m [90m[39m
[35m[HTTP][39m [37m-->[39m [37mGET[39m [37m/wd/hub/session/6a401049-c0a4-4a5a-a772-ec42bf334a05/element/00000000-0000-0171-ffff-ffff00000085/location[39m
[35m[HTTP][39m [90m{}[39m
[35m[W3C (6a401049)][39m Driver proxy active, passing request on via HTTP proxy
[35m[WD Proxy][39m Replacing sessionId ffb0cb67-64c5-42d0-8add-e6cfbe61ae32 with 6a401049-c0a4-4a5a-a772-ec42bf334a05
[35m[HTTP][39m [37m<-- GET /wd/hub/session/6a401049-c0a4-4a5a-a772-ec42bf334a05/element/00000000-0000-0171-ffff-ffff00000085/location [39m[32m200[39m [90m27 ms - 77[39m
[35m[HTTP][39m [90m[39m
[35m[HTTP][39m [37m-->[39m [37mPOST[39m [37m/wd/hub/session/6a401049-c0a4-4a5a-a772-ec42bf334a05/elements[39m
[35m[HTTP][39m [90m{"using":"xpath","value":"//*[@class = 'android.widget.Button' and (@text = 'SIGN IN TO EXISTING ACCOUNT' or . = 'SIGN IN TO EXISTING ACCOUNT') and @resource-id = 'com.adpog.diary:id/login']"}[39m
[35m[HTTP][39m [37m<-- POST /wd/hub/session/6a401049-c0a4-4a5a-a772-ec42bf334a05/elements [39m[32m200[39m [90m199 ms - 139[39m
[35m[HTTP][39m [90m[39m
[35m[HTTP][39m [37m-->[39m [37mGET[39m [37m/wd/hub/session/6a401049-c0a4-4a5a-a772-ec42bf334a05/element/00000000-0000-0171-ffff-ffff00000085/location[39m
[35m[HTTP][39m [90m{}[39m
[35m[W3C (6a401049)][39m Driver proxy active, passing request on via HTTP proxy
[35m[WD Proxy][39m Replacing sessionId ffb0cb67-64c5-42d0-8add-e6cfbe61ae32 with 6a401049-c0a4-4a5a-a772-ec42bf334a05
[35m[HTTP][39m [37m<-- GET /wd/hub/session/6a401049-c0a4-4a5a-a772-ec42bf334a05/element/00000000-0000-0171-ffff-ffff00000085/location [39m[32m200[39m [90m43 ms - 77[39m
[35m[HTTP][39m [90m[39m
[35m[HTTP][39m [37m-->[39m [37mPOST[39m [37m/wd/hub/session/6a401049-c0a4-4a5a-a772-ec42bf334a05/elements[39m
[35m[HTTP][39m [90m{"using":"xpath","value":"//*[@class = 'android.widget.Button' and (@text = 'SIGN IN TO EXISTING ACCOUNT' or . = 'SIGN IN TO EXISTING ACCOUNT') and @resource-id = 'com.adpog.diary:id/login']"}[39m
[35m[HTTP][39m [37m<-- POST /wd/hub/session/6a401049-c0a4-4a5a-a772-ec42bf334a05/elements [39m[32m200[39m [90m244 ms - 139[39m
[35m[HTTP][39m [90m[39m
[35m[HTTP][39m [37m-->[39m [37mGET[39m [37m/wd/hub/session/6a401049-c0a4-4a5a-a772-ec42bf334a05/element/00000000-0000-0171-ffff-ffff00000085/location[39m
[35m[HTTP][39m [90m{}[39m
[35m[W3C (6a401049)][39m Driver proxy active, passing request on via HTTP proxy
[35m[WD Proxy][39m Replacing sessionId ffb0cb67-64c5-42d0-8add-e6cfbe61ae32 with 6a401049-c0a4-4a5a-a772-ec42bf334a05
[35m[HTTP][39m [37m<-- GET /wd/hub/session/6a401049-c0a4-4a5a-a772-ec42bf334a05/element/00000000-0000-0171-ffff-ffff00000085/location [39m[32m200[39m [90m48 ms - 77[39m
[35m[HTTP][39m [90m[39m
[35m[HTTP][39m [37m-->[39m [37mPOST[39m [37m/wd/hub/session/6a401049-c0a4-4a5a-a772-ec42bf334a05/elements[39m
[35m[HTTP][39m [90m{"using":"xpath","value":"//*[@class = 'android.widget.Button' and (@text = 'SIGN IN TO EXISTING ACCOUNT' or . = 'SIGN IN TO EXISTING ACCOUNT') and @resource-id = 'com.adpog.diary:id/login']"}[39m
[35m[HTTP][39m [37m<-- POST /wd/hub/session/6a401049-c0a4-4a5a-a772-ec42bf334a05/elements [39m[32m200[39m [90m184 ms - 139[39m
[35m[HTTP][39m [90m[39m
[35m[HTTP][39m [37m-->[39m [37mGET[39m [37m/wd/hub/session/6a401049-c0a4-4a5a-a772-ec42bf334a05/element/00000000-0000-0171-ffff-ffff00000085/location[39m
[35m[HTTP][39m [90m{}[39m
[35m[W3C (6a401049)][39m Driver proxy active, passing request on via HTTP proxy
[35m[WD Proxy][39m Replacing sessionId ffb0cb67-64c5-42d0-8add-e6cfbe61ae32 with 6a401049-c0a4-4a5a-a772-ec42bf334a05
[35m[HTTP][39m [37m<-- GET /wd/hub/session/6a401049-c0a4-4a5a-a772-ec42bf334a05/element/00000000-0000-0171-ffff-ffff00000085/location [39m[32m200[39m [90m42 ms - 77[39m
[35m[HTTP][39m [90m[39m
[35m[HTTP][39m [37m-->[39m [37mPOST[39m [37m/wd/hub/session/6a401049-c0a4-4a5a-a772-ec42bf334a05/elements[39m
[35m[HTTP][39m [90m{"using":"xpath","value":"//*[@class = 'android.widget.Button' and (@text = 'SIGN IN TO EXISTING ACCOUNT' or . = 'SIGN IN TO EXISTING ACCOUNT') and @resource-id = 'com.adpog.diary:id/login']"}[39m
[35m[HTTP][39m [37m<-- POST /wd/hub/session/6a401049-c0a4-4a5a-a772-ec42bf334a05/elements [39m[32m200[39m [90m183 ms - 139[39m
[35m[HTTP][39m [90m[39m
[35m[HTTP][39m [37m-->[39m [37mGET[39m [37m/wd/hub/session/6a401049-c0a4-4a5a-a772-ec42bf334a05/element/00000000-0000-0171-ffff-ffff00000085/location[39m
[35m[HTTP][39m [90m{}[39m
[35m[W3C (6a401049)][39m Driver proxy active, passing request on via HTTP proxy
[35m[WD Proxy][39m Replacing sessionId ffb0cb67-64c5-42d0-8add-e6cfbe61ae32 with 6a401049-c0a4-4a5a-a772-ec42bf334a05
[35m[HTTP][39m [37m<-- GET /wd/hub/session/6a401049-c0a4-4a5a-a772-ec42bf334a05/element/00000000-0000-0171-ffff-ffff00000085/location [39m[32m200[39m [90m41 ms - 77[39m
[35m[HTTP][39m [90m[39m
[35m[HTTP][39m [37m-->[39m [37mPOST[39m [37m/wd/hub/session/6a401049-c0a4-4a5a-a772-ec42bf334a05/elements[39m
[35m[HTTP][39m [90m{"using":"xpath","value":"//*[@class = 'android.widget.Button' and (@text = 'SIGN IN TO EXISTING ACCOUNT' or . = 'SIGN IN TO EXISTING ACCOUNT') and @resource-id = 'com.adpog.diary:id/login']"}[39m
[35m[HTTP][39m [37m<-- POST /wd/hub/session/6a401049-c0a4-4a5a-a772-ec42bf334a05/elements [39m[32m200[39m [90m187 ms - 139[39m
[35m[HTTP][39m [90m[39m
[35m[HTTP][39m [37m-->[39m [37mGET[39m [37m/wd/hub/session/6a401049-c0a4-4a5a-a772-ec42bf334a05/element/00000000-0000-0171-ffff-ffff00000085/location[39m
[35m[HTTP][39m [90m{}[39m
[35m[W3C (6a401049)][39m Driver proxy active, passing request on via HTTP proxy
[35m[WD Proxy][39m Replacing sessionId ffb0cb67-64c5-42d0-8add-e6cfbe61ae32 with 6a401049-c0a4-4a5a-a772-ec42bf334a05
[35m[HTTP][39m [37m<-- GET /wd/hub/session/6a401049-c0a4-4a5a-a772-ec42bf334a05/element/00000000-0000-0171-ffff-ffff00000085/location [39m[32m200[39m [90m51 ms - 77[39m
[35m[HTTP][39m [90m[39m
[35m[HTTP][39m [37m-->[39m [37mPOST[39m [37m/wd/hub/session/6a401049-c0a4-4a5a-a772-ec42bf334a05/elements[39m
[35m[HTTP][39m [90m{"using":"xpath","value":"//*[@class = 'android.widget.Button' and (@text = 'SIGN IN TO EXISTING ACCOUNT' or . = 'SIGN IN TO EXISTING ACCOUNT') and @resource-id = 'com.adpog.diary:id/login']"}[39m
[35m[HTTP][39m [37m<-- POST /wd/hub/session/6a401049-c0a4-4a5a-a772-ec42bf334a05/elements [39m[32m200[39m [90m166 ms - 139[39m
[35m[HTTP][39m [90m[39m
[35m[HTTP][39m [37m-->[39m [37mGET[39m [37m/wd/hub/session/6a401049-c0a4-4a5a-a772-ec42bf334a05/element/00000000-0000-0171-ffff-ffff00000085/location[39m
[35m[HTTP][39m [90m{}[39m
[35m[W3C (6a401049)][39m Driver proxy active, passing request on via HTTP proxy
[35m[WD Proxy][39m Replacing sessionId ffb0cb67-64c5-42d0-8add-e6cfbe61ae32 with 6a401049-c0a4-4a5a-a772-ec42bf334a05
[35m[HTTP][39m [37m<-- GET /wd/hub/session/6a401049-c0a4-4a5a-a772-ec42bf334a05/element/00000000-0000-0171-ffff-ffff00000085/location [39m[32m200[39m [90m37 ms - 77[39m
[35m[HTTP][39m [90m[39m
[35m[HTTP][39m [37m-->[39m [37mPOST[39m [37m/wd/hub/session/6a401049-c0a4-4a5a-a772-ec42bf334a05/elements[39m
[35m[HTTP][39m [90m{"using":"xpath","value":"//*[@class = 'android.widget.Button' and (@text = 'SIGN IN TO EXISTING ACCOUNT' or . = 'SIGN IN TO EXISTING ACCOUNT') and @resource-id = 'com.adpog.diary:id/login']"}[39m
[35m[HTTP][39m [37m<-- POST /wd/hub/session/6a401049-c0a4-4a5a-a772-ec42bf334a05/elements [39m[32m200[39m [90m168 ms - 139[39m
[35m[HTTP][39m [90m[39m
[35m[HTTP][39m [37m-->[39m [37mGET[39m [37m/wd/hub/session/6a401049-c0a4-4a5a-a772-ec42bf334a05/element/00000000-0000-0171-ffff-ffff00000085/location[39m
[35m[HTTP][39m [90m{}[39m
[35m[W3C (6a401049)][39m Driver proxy active, passing request on via HTTP proxy
[35m[WD Proxy][39m Replacing sessionId ffb0cb67-64c5-42d0-8add-e6cfbe61ae32 with 6a401049-c0a4-4a5a-a772-ec42bf334a05
[35m[HTTP][39m [37m<-- GET /wd/hub/session/6a401049-c0a4-4a5a-a772-ec42bf334a05/element/00000000-0000-0171-ffff-ffff00000085/location [39m[32m200[39m [90m45 ms - 77[39m
[35m[HTTP][39m [90m[39m
[35m[HTTP][39m [37m-->[39m [37mPOST[39m [37m/wd/hub/session/6a401049-c0a4-4a5a-a772-ec42bf334a05/elements[39m
[35m[HTTP][39m [90m{"using":"xpath","value":"//*[@class = 'android.widget.Button' and (@text = 'SIGN IN TO EXISTING ACCOUNT' or . = 'SIGN IN TO EXISTING ACCOUNT') and @resource-id = 'com.adpog.diary:id/login']"}[39m
[35m[HTTP][39m [37m<-- POST /wd/hub/session/6a401049-c0a4-4a5a-a772-ec42bf334a05/elements [39m[32m200[39m [90m208 ms - 139[39m
[35m[HTTP][39m [90m[39m
[35m[HTTP][39m [37m-->[39m [37mGET[39m [37m/wd/hub/session/6a401049-c0a4-4a5a-a772-ec42bf334a05/element/00000000-0000-0171-ffff-ffff00000085/location[39m
[35m[HTTP][39m [90m{}[39m
[35m[W3C (6a401049)][39m Driver proxy active, passing request on via HTTP proxy
[35m[WD Proxy][39m Replacing sessionId ffb0cb67-64c5-42d0-8add-e6cfbe61ae32 with 6a401049-c0a4-4a5a-a772-ec42bf334a05
[35m[HTTP][39m [37m<-- GET /wd/hub/session/6a401049-c0a4-4a5a-a772-ec42bf334a05/element/00000000-0000-0171-ffff-ffff00000085/location [39m[32m200[39m [90m46 ms - 77[39m
[35m[HTTP][39m [90m[39m
[35m[HTTP][39m [37m-->[39m [37mPOST[39m [37m/wd/hub/session/6a401049-c0a4-4a5a-a772-ec42bf334a05/elements[39m
[35m[HTTP][39m [90m{"using":"xpath","value":"//*[@class = 'android.widget.Button' and (@text = 'SIGN IN TO EXISTING ACCOUNT' or . = 'SIGN IN TO EXISTING ACCOUNT') and @resource-id = 'com.adpog.diary:id/login']"}[39m
[35m[HTTP][39m [37m<-- POST /wd/hub/session/6a401049-c0a4-4a5a-a772-ec42bf334a05/elements [39m[32m200[39m [90m143 ms - 139[39m
[35m[HTTP][39m [90m[39m
[35m[HTTP][39m [37m-->[39m [37mGET[39m [37m/wd/hub/session/6a401049-c0a4-4a5a-a772-ec42bf334a05/element/00000000-0000-0171-ffff-ffff00000085/location[39m
[35m[HTTP][39m [90m{}[39m
[35m[W3C (6a401049)][39m Driver proxy active, passing request on via HTTP proxy
[35m[WD Proxy][39m Replacing sessionId ffb0cb67-64c5-42d0-8add-e6cfbe61ae32 with 6a401049-c0a4-4a5a-a772-ec42bf334a05
[35m[HTTP][39m [37m<-- GET /wd/hub/session/6a401049-c0a4-4a5a-a772-ec42bf334a05/element/00000000-0000-0171-ffff-ffff00000085/location [39m[32m200[39m [90m39 ms - 77[39m
[35m[HTTP][39m [90m[39m
[35m[HTTP][39m [37m-->[39m [37mPOST[39m [37m/wd/hub/session/6a401049-c0a4-4a5a-a772-ec42bf334a05/elements[39m
[35m[HTTP][39m [90m{"using":"xpath","value":"//*[@class = 'android.widget.Button' and (@text = 'SIGN IN TO EXISTING ACCOUNT' or . = 'SIGN IN TO EXISTING ACCOUNT') and @resource-id = 'com.adpog.diary:id/login']"}[39m
[35m[HTTP][39m [37m<-- POST /wd/hub/session/6a401049-c0a4-4a5a-a772-ec42bf334a05/elements [39m[32m200[39m [90m146 ms - 139[39m
[35m[HTTP][39m [90m[39m
[35m[HTTP][39m [37m-->[39m [37mGET[39m [37m/wd/hub/session/6a401049-c0a4-4a5a-a772-ec42bf334a05/element/00000000-0000-0171-ffff-ffff00000085/location[39m
[35m[HTTP][39m [90m{}[39m
[35m[W3C (6a401049)][39m Driver proxy active, passing request on via HTTP proxy
[35m[WD Proxy][39m Replacing sessionId ffb0cb67-64c5-42d0-8add-e6cfbe61ae32 with 6a401049-c0a4-4a5a-a772-ec42bf334a05
[35m[HTTP][39m [37m<-- GET /wd/hub/session/6a401049-c0a4-4a5a-a772-ec42bf334a05/element/00000000-0000-0171-ffff-ffff00000085/location [39m[32m200[39m [90m39 ms - 77[39m
[35m[HTTP][39m [90m[39m
[35m[HTTP][39m [37m-->[39m [37mPOST[39m [37m/wd/hub/session/6a401049-c0a4-4a5a-a772-ec42bf334a05/elements[39m
[35m[HTTP][39m [90m{"using":"xpath","value":"//*[@class = 'android.widget.Button' and (@text = 'SIGN IN TO EXISTING ACCOUNT' or . = 'SIGN IN TO EXISTING ACCOUNT') and @resource-id = 'com.adpog.diary:id/login']"}[39m
[35m[HTTP][39m [37m<-- POST /wd/hub/session/6a401049-c0a4-4a5a-a772-ec42bf334a05/elements [39m[32m200[39m [90m123 ms - 139[39m
[35m[HTTP][39m [90m[39m
[35m[HTTP][39m [37m-->[39m [37mGET[39m [37m/wd/hub/session/6a401049-c0a4-4a5a-a772-ec42bf334a05/element/00000000-0000-0171-ffff-ffff00000085/location[39m
[35m[HTTP][39m [90m{}[39m
[35m[W3C (6a401049)][39m Driver proxy active, passing request on via HTTP proxy
[35m[WD Proxy][39m Replacing sessionId ffb0cb67-64c5-42d0-8add-e6cfbe61ae32 with 6a401049-c0a4-4a5a-a772-ec42bf334a05
[35m[HTTP][39m [37m<-- GET /wd/hub/session/6a401049-c0a4-4a5a-a772-ec42bf334a05/element/00000000-0000-0171-ffff-ffff00000085/location [39m[32m200[39m [90m36 ms - 77[39m
[35m[HTTP][39m [90m[39m
[35m[HTTP][39m [37m-->[39m [37mPOST[39m [37m/wd/hub/session/6a401049-c0a4-4a5a-a772-ec42bf334a05/elements[39m
[35m[HTTP][39m [90m{"using":"xpath","value":"//*[@class = 'android.widget.Button' and (@text = 'SIGN IN TO EXISTING ACCOUNT' or . = 'SIGN IN TO EXISTING ACCOUNT') and @resource-id = 'com.adpog.diary:id/login']"}[39m
[35m[HTTP][39m [37m<-- POST /wd/hub/session/6a401049-c0a4-4a5a-a772-ec42bf334a05/elements [39m[32m200[39m [90m121 ms - 139[39m
[35m[HTTP][39m [90m[39m
[35m[HTTP][39m [37m-->[39m [37mGET[39m [37m/wd/hub/session/6a401049-c0a4-4a5a-a772-ec42bf334a05/element/00000000-0000-0171-ffff-ffff00000085/location[39m
[35m[HTTP][39m [90m{}[39m
[35m[W3C (6a401049)][39m Driver proxy active, passing request on via HTTP proxy
[35m[WD Proxy][39m Replacing sessionId ffb0cb67-64c5-42d0-8add-e6cfbe61ae32 with 6a401049-c0a4-4a5a-a772-ec42bf334a05
[35m[HTTP][39m [37m<-- GET /wd/hub/session/6a401049-c0a4-4a5a-a772-ec42bf334a05/element/00000000-0000-0171-ffff-ffff00000085/location [39m[32m200[39m [90m40 ms - 77[39m
[35m[HTTP][39m [90m[39m
[35m[HTTP][39m [37m-->[39m [37mPOST[39m [37m/wd/hub/session/6a401049-c0a4-4a5a-a772-ec42bf334a05/elements[39m
[35m[HTTP][39m [90m{"using":"xpath","value":"//*[@class = 'android.widget.Button' and (@text = 'SIGN IN TO EXISTING ACCOUNT' or . = 'SIGN IN TO EXISTING ACCOUNT') and @resource-id = 'com.adpog.diary:id/login']"}[39m
[35m[HTTP][39m [37m<-- POST /wd/hub/session/6a401049-c0a4-4a5a-a772-ec42bf334a05/elements [39m[32m200[39m [90m109 ms - 139[39m
[35m[HTTP][39m [90m[39m
[35m[HTTP][39m [37m-->[39m [37mGET[39m [37m/wd/hub/session/6a401049-c0a4-4a5a-a772-ec42bf334a05/element/00000000-0000-0171-ffff-ffff00000085/location[39m
[35m[HTTP][39m [90m{}[39m
[35m[W3C (6a401049)][39m Driver proxy active, passing request on via HTTP proxy
[35m[WD Proxy][39m Replacing sessionId ffb0cb67-64c5-42d0-8add-e6cfbe61ae32 with 6a401049-c0a4-4a5a-a772-ec42bf334a05
[35m[HTTP][39m [37m<-- GET /wd/hub/session/6a401049-c0a4-4a5a-a772-ec42bf334a05/element/00000000-0000-0171-ffff-ffff00000085/location [39m[32m200[39m [90m36 ms - 77[39m
[35m[HTTP][39m [90m[39m
[35m[HTTP][39m [37m-->[39m [37mPOST[39m [37m/wd/hub/session/6a401049-c0a4-4a5a-a772-ec42bf334a05/elements[39m
[35m[HTTP][39m [90m{"using":"xpath","value":"//*[@class = 'android.widget.Button' and (@text = 'SIGN IN TO EXISTING ACCOUNT' or . = 'SIGN IN TO EXISTING ACCOUNT') and @resource-id = 'com.adpog.diary:id/login']"}[39m
[35m[HTTP][39m [37m<-- POST /wd/hub/session/6a401049-c0a4-4a5a-a772-ec42bf334a05/elements [39m[32m200[39m [90m140 ms - 139[39m
[35m[HTTP][39m [90m[39m
[35m[HTTP][39m [37m-->[39m [37mGET[39m [37m/wd/hub/session/6a401049-c0a4-4a5a-a772-ec42bf334a05/element/00000000-0000-0171-ffff-ffff00000085/location[39m
[35m[HTTP][39m [90m{}[39m
[35m[W3C (6a401049)][39m Driver proxy active, passing request on via HTTP proxy
[35m[WD Proxy][39m Replacing sessionId ffb0cb67-64c5-42d0-8add-e6cfbe61ae32 with 6a401049-c0a4-4a5a-a772-ec42bf334a05
[35m[HTTP][39m [37m<-- GET /wd/hub/session/6a401049-c0a4-4a5a-a772-ec42bf334a05/element/00000000-0000-0171-ffff-ffff00000085/location [39m[32m200[39m [90m43 ms - 77[39m
[35m[HTTP][39m [90m[39m
[35m[HTTP][39m [37m-->[39m [37mPOST[39m [37m/wd/hub/session/6a401049-c0a4-4a5a-a772-ec42bf334a05/elements[39m
[35m[HTTP][39m [90m{"using":"xpath","value":"//*[@class = 'android.widget.Button' and (@text = 'SIGN IN TO EXISTING ACCOUNT' or . = 'SIGN IN TO EXISTING ACCOUNT') and @resource-id = 'com.adpog.diary:id/login']"}[39m
[35m[HTTP][39m [37m<-- POST /wd/hub/session/6a401049-c0a4-4a5a-a772-ec42bf334a05/elements [39m[32m200[39m [90m113 ms - 139[39m
[35m[HTTP][39m [90m[39m
[35m[HTTP][39m [37m-->[39m [37mGET[39m [37m/wd/hub/session/6a401049-c0a4-4a5a-a772-ec42bf334a05/element/00000000-0000-0171-ffff-ffff00000085/location[39m
[35m[HTTP][39m [90m{}[39m
[35m[W3C (6a401049)][39m Driver proxy active, passing request on via HTTP proxy
[35m[WD Proxy][39m Replacing sessionId ffb0cb67-64c5-42d0-8add-e6cfbe61ae32 with 6a401049-c0a4-4a5a-a772-ec42bf334a05
[35m[HTTP][39m [37m<-- GET /wd/hub/session/6a401049-c0a4-4a5a-a772-ec42bf334a05/element/00000000-0000-0171-ffff-ffff00000085/location [39m[32m200[39m [90m35 ms - 77[39m
[35m[HTTP][39m [90m[39m
[35m[HTTP][39m [37m-->[39m [37mPOST[39m [37m/wd/hub/session/6a401049-c0a4-4a5a-a772-ec42bf334a05/elements[39m
[35m[HTTP][39m [90m{"using":"xpath","value":"//*[@class = 'android.widget.Button' and (@text = 'SIGN IN TO EXISTING ACCOUNT' or . = 'SIGN IN TO EXISTING ACCOUNT') and @resource-id = 'com.adpog.diary:id/login']"}[39m
[35m[HTTP][39m [37m<-- POST /wd/hub/session/6a401049-c0a4-4a5a-a772-ec42bf334a05/elements [39m[32m200[39m [90m110 ms - 139[39m
[35m[HTTP][39m [90m[39m
[35m[HTTP][39m [37m-->[39m [37mGET[39m [37m/wd/hub/session/6a401049-c0a4-4a5a-a772-ec42bf334a05/element/00000000-0000-0171-ffff-ffff00000085/location[39m
[35m[HTTP][39m [90m{}[39m
[35m[W3C (6a401049)][39m Driver proxy active, passing request on via HTTP proxy
[35m[WD Proxy][39m Replacing sessionId ffb0cb67-64c5-42d0-8add-e6cfbe61ae32 with 6a401049-c0a4-4a5a-a772-ec42bf334a05
[35m[HTTP][39m [37m<-- GET /wd/hub/session/6a401049-c0a4-4a5a-a772-ec42bf334a05/element/00000000-0000-0171-ffff-ffff00000085/location [39m[32m200[39m [90m38 ms - 77[39m
[35m[HTTP][39m [90m[39m
[35m[HTTP][39m [37m-->[39m [37mPOST[39m [37m/wd/hub/session/6a401049-c0a4-4a5a-a772-ec42bf334a05/elements[39m
[35m[HTTP][39m [90m{"using":"xpath","value":"//*[@class = 'android.widget.Button' and (@text = 'SIGN IN TO EXISTING ACCOUNT' or . = 'SIGN IN TO EXISTING ACCOUNT') and @resource-id = 'com.adpog.diary:id/login']"}[39m
[35m[HTTP][39m [37m<-- POST /wd/hub/session/6a401049-c0a4-4a5a-a772-ec42bf334a05/elements [39m[32m200[39m [90m117 ms - 139[39m
[35m[HTTP][39m [90m[39m
[35m[HTTP][39m [37m-->[39m [37mGET[39m [37m/wd/hub/session/6a401049-c0a4-4a5a-a772-ec42bf334a05/element/00000000-0000-0171-ffff-ffff00000085/location[39m
[35m[HTTP][39m [90m{}[39m
[35m[W3C (6a401049)][39m Driver proxy active, passing request on via HTTP proxy
[35m[WD Proxy][39m Replacing sessionId ffb0cb67-64c5-42d0-8add-e6cfbe61ae32 with 6a401049-c0a4-4a5a-a772-ec42bf334a05
[35m[HTTP][39m [37m<-- GET /wd/hub/session/6a401049-c0a4-4a5a-a772-ec42bf334a05/element/00000000-0000-0171-ffff-ffff00000085/location [39m[32m200[39m [90m35 ms - 77[39m
[35m[HTTP][39m [90m[39m
[35m[HTTP][39m [37m-->[39m [37mPOST[39m [37m/wd/hub/session/6a401049-c0a4-4a5a-a772-ec42bf334a05/elements[39m
[35m[HTTP][39m [90m{"using":"xpath","value":"//*[@class = 'android.widget.Button' and (@text = 'SIGN IN TO EXISTING ACCOUNT' or . = 'SIGN IN TO EXISTING ACCOUNT') and @resource-id = 'com.adpog.diary:id/login']"}[39m
[35m[HTTP][39m [37m<-- POST /wd/hub/session/6a401049-c0a4-4a5a-a772-ec42bf334a05/elements [39m[32m200[39m [90m111 ms - 139[39m
[35m[HTTP][39m [90m[39m
[35m[HTTP][39m [37m-->[39m [37mGET[39m [37m/wd/hub/session/6a401049-c0a4-4a5a-a772-ec42bf334a05/element/00000000-0000-0171-ffff-ffff00000085/location[39m
[35m[HTTP][39m [90m{}[39m
[35m[W3C (6a401049)][39m Driver proxy active, passing request on via HTTP proxy
[35m[WD Proxy][39m Replacing sessionId ffb0cb67-64c5-42d0-8add-e6cfbe61ae32 with 6a401049-c0a4-4a5a-a772-ec42bf334a05
[35m[HTTP][39m [37m<-- GET /wd/hub/session/6a401049-c0a4-4a5a-a772-ec42bf334a05/element/00000000-0000-0171-ffff-ffff00000085/location [39m[32m200[39m [90m32 ms - 77[39m
[35m[HTTP][39m [90m[39m
[35m[HTTP][39m [37m-->[39m [37mPOST[39m [37m/wd/hub/session/6a401049-c0a4-4a5a-a772-ec42bf334a05/elements[39m
[35m[HTTP][39m [90m{"using":"xpath","value":"//*[@class = 'android.widget.Button' and (@text = 'SIGN IN TO EXISTING ACCOUNT' or . = 'SIGN IN TO EXISTING ACCOUNT') and @resource-id = 'com.adpog.diary:id/login']"}[39m
[35m[HTTP][39m [37m<-- POST /wd/hub/session/6a401049-c0a4-4a5a-a772-ec42bf334a05/elements [39m[32m200[39m [90m93 ms - 139[39m
[35m[HTTP][39m [90m[39m
[35m[HTTP][39m [37m-->[39m [37mGET[39m [37m/wd/hub/session/6a401049-c0a4-4a5a-a772-ec42bf334a05/element/00000000-0000-0171-ffff-ffff00000085/location[39m
[35m[HTTP][39m [90m{}[39m
[35m[W3C (6a401049)][39m Driver proxy active, passing request on via HTTP proxy
[35m[WD Proxy][39m Replacing sessionId ffb0cb67-64c5-42d0-8add-e6cfbe61ae32 with 6a401049-c0a4-4a5a-a772-ec42bf334a05
[35m[HTTP][39m [37m<-- GET /wd/hub/session/6a401049-c0a4-4a5a-a772-ec42bf334a05/element/00000000-0000-0171-ffff-ffff00000085/location [39m[32m200[39m [90m39 ms - 77[39m
[35m[HTTP][39m [90m[39m
[35m[HTTP][39m [37m-->[39m [37mPOST[39m [37m/wd/hub/session/6a401049-c0a4-4a5a-a772-ec42bf334a05/elements[39m
[35m[HTTP][39m [90m{"using":"xpath","value":"//*[@class = 'android.widget.Button' and (@text = 'SIGN IN TO EXISTING ACCOUNT' or . = 'SIGN IN TO EXISTING ACCOUNT') and @resource-id = 'com.adpog.diary:id/login']"}[39m
[35m[HTTP][39m [37m<-- POST /wd/hub/session/6a401049-c0a4-4a5a-a772-ec42bf334a05/elements [39m[32m200[39m [90m110 ms - 139[39m
[35m[HTTP][39m [90m[39m
[35m[HTTP][39m [37m-->[39m [37mGET[39m [37m/wd/hub/session/6a401049-c0a4-4a5a-a772-ec42bf334a05/element/00000000-0000-0171-ffff-ffff00000085/location[39m
[35m[HTTP][39m [90m{}[39m
[35m[W3C (6a401049)][39m Driver proxy active, passing request on via HTTP proxy
[35m[WD Proxy][39m Replacing sessionId ffb0cb67-64c5-42d0-8add-e6cfbe61ae32 with 6a401049-c0a4-4a5a-a772-ec42bf334a05
[35m[HTTP][39m [37m<-- GET /wd/hub/session/6a401049-c0a4-4a5a-a772-ec42bf334a05/element/00000000-0000-0171-ffff-ffff00000085/location [39m[32m200[39m [90m37 ms - 77[39m
[35m[HTTP][39m [90m[39m
[35m[HTTP][39m [37m-->[39m [37mPOST[39m [37m/wd/hub/session/6a401049-c0a4-4a5a-a772-ec42bf334a05/elements[39m
[35m[HTTP][39m [90m{"using":"xpath","value":"//*[@class = 'android.widget.Button' and (@text = 'SIGN IN TO EXISTING ACCOUNT' or . = 'SIGN IN TO EXISTING ACCOUNT') and @resource-id = 'com.adpog.diary:id/login']"}[39m
[35m[HTTP][39m [37m<-- POST /wd/hub/session/6a401049-c0a4-4a5a-a772-ec42bf334a05/elements [39m[32m200[39m [90m97 ms - 139[39m
[35m[HTTP][39m [90m[39m
[35m[HTTP][39m [37m-->[39m [37mGET[39m [37m/wd/hub/session/6a401049-c0a4-4a5a-a772-ec42bf334a05/element/00000000-0000-0171-ffff-ffff00000085/location[39m
[35m[HTTP][39m [90m{}[39m
[35m[W3C (6a401049)][39m Driver proxy active, passing request on via HTTP proxy
[35m[WD Proxy][39m Replacing sessionId ffb0cb67-64c5-42d0-8add-e6cfbe61ae32 with 6a401049-c0a4-4a5a-a772-ec42bf334a05
[35m[HTTP][39m [37m<-- GET /wd/hub/session/6a401049-c0a4-4a5a-a772-ec42bf334a05/element/00000000-0000-0171-ffff-ffff00000085/location [39m[32m200[39m [90m35 ms - 77[39m
[35m[HTTP][39m [90m[39m
[35m[HTTP][39m [37m-->[39m [37mPOST[39m [37m/wd/hub/session/6a401049-c0a4-4a5a-a772-ec42bf334a05/elements[39m
[35m[HTTP][39m [90m{"using":"xpath","value":"//*[@class = 'android.widget.Button' and (@text = 'SIGN IN TO EXISTING ACCOUNT' or . = 'SIGN IN TO EXISTING ACCOUNT') and @resource-id = 'com.adpog.diary:id/login']"}[39m
[35m[HTTP][39m [37m<-- POST /wd/hub/session/6a401049-c0a4-4a5a-a772-ec42bf334a05/elements [39m[32m200[39m [90m101 ms - 139[39m
[35m[HTTP][39m [90m[39m
[35m[HTTP][39m [37m-->[39m [37mGET[39m [37m/wd/hub/session/6a401049-c0a4-4a5a-a772-ec42bf334a05/element/00000000-0000-0171-ffff-ffff00000085/location[39m
[35m[HTTP][39m [90m{}[39m
[35m[W3C (6a401049)][39m Driver proxy active, passing request on via HTTP proxy
[35m[WD Proxy][39m Replacing sessionId ffb0cb67-64c5-42d0-8add-e6cfbe61ae32 with 6a401049-c0a4-4a5a-a772-ec42bf334a05
[35m[HTTP][39m [37m<-- GET /wd/hub/session/6a401049-c0a4-4a5a-a772-ec42bf334a05/element/00000000-0000-0171-ffff-ffff00000085/location [39m[32m200[39m [90m43 ms - 77[39m
[35m[HTTP][39m [90m[39m
[35m[HTTP][39m [37m-->[39m [37mPOST[39m [37m/wd/hub/session/6a401049-c0a4-4a5a-a772-ec42bf334a05/elements[39m
[35m[HTTP][39m [90m{"using":"xpath","value":"//*[@class = 'android.widget.Button' and (@text = 'SIGN IN TO EXISTING ACCOUNT' or . = 'SIGN IN TO EXISTING ACCOUNT') and @resource-id = 'com.adpog.diary:id/login']"}[39m
[35m[HTTP][39m [37m<-- POST /wd/hub/session/6a401049-c0a4-4a5a-a772-ec42bf334a05/elements [39m[32m200[39m [90m122 ms - 139[39m
[35m[HTTP][39m [90m[39m
[35m[HTTP][39m [37m-->[39m [37mGET[39m [37m/wd/hub/session/6a401049-c0a4-4a5a-a772-ec42bf334a05/element/00000000-0000-0171-ffff-ffff00000085/location[39m
[35m[HTTP][39m [90m{}[39m
[35m[W3C (6a401049)][39m Driver proxy active, passing request on via HTTP proxy
[35m[WD Proxy][39m Replacing sessionId ffb0cb67-64c5-42d0-8add-e6cfbe61ae32 with 6a401049-c0a4-4a5a-a772-ec42bf334a05
[35m[HTTP][39m [37m<-- GET /wd/hub/session/6a401049-c0a4-4a5a-a772-ec42bf334a05/element/00000000-0000-0171-ffff-ffff00000085/location [39m[32m200[39m [90m34 ms - 77[39m
[35m[HTTP][39m [90m[39m
[35m[HTTP][39m [37m-->[39m [37mPOST[39m [37m/wd/hub/session/6a401049-c0a4-4a5a-a772-ec42bf334a05/elements[39m
[35m[HTTP][39m [90m{"using":"xpath","value":"//*[@class = 'android.widget.Button' and (@text = 'SIGN IN TO EXISTING ACCOUNT' or . = 'SIGN IN TO EXISTING ACCOUNT') and @resource-id = 'com.adpog.diary:id/login']"}[39m
[35m[HTTP][39m [37m<-- POST /wd/hub/session/6a401049-c0a4-4a5a-a772-ec42bf334a05/elements [39m[32m200[39m [90m117 ms - 139[39m
[35m[HTTP][39m [90m[39m
[35m[HTTP][39m [37m-->[39m [37mGET[39m [37m/wd/hub/session/6a401049-c0a4-4a5a-a772-ec42bf334a05/element/00000000-0000-0171-ffff-ffff00000085/location[39m
[35m[HTTP][39m [90m{}[39m
[35m[W3C (6a401049)][39m Driver proxy active, passing request on via HTTP proxy
[35m[WD Proxy][39m Replacing sessionId ffb0cb67-64c5-42d0-8add-e6cfbe61ae32 with 6a401049-c0a4-4a5a-a772-ec42bf334a05
[35m[HTTP][39m [37m<-- GET /wd/hub/session/6a401049-c0a4-4a5a-a772-ec42bf334a05/element/00000000-0000-0171-ffff-ffff00000085/location [39m[32m200[39m [90m32 ms - 77[39m
[35m[HTTP][39m [90m[39m
[35m[HTTP][39m [37m-->[39m [37mPOST[39m [37m/wd/hub/session/6a401049-c0a4-4a5a-a772-ec42bf334a05/elements[39m
[35m[HTTP][39m [90m{"using":"xpath","value":"//*[@class = 'android.widget.Button' and (@text = 'SIGN IN TO EXISTING ACCOUNT' or . = 'SIGN IN TO EXISTING ACCOUNT') and @resource-id = 'com.adpog.diary:id/login']"}[39m
[35m[HTTP][39m [37m<-- POST /wd/hub/session/6a401049-c0a4-4a5a-a772-ec42bf334a05/elements [39m[32m200[39m [90m111 ms - 139[39m
[35m[HTTP][39m [90m[39m
[35m[HTTP][39m [37m-->[39m [37mGET[39m [37m/wd/hub/session/6a401049-c0a4-4a5a-a772-ec42bf334a05/element/00000000-0000-0171-ffff-ffff00000085/location[39m
[35m[HTTP][39m [90m{}[39m
[35m[W3C (6a401049)][39m Driver proxy active, passing request on via HTTP proxy
[35m[WD Proxy][39m Replacing sessionId ffb0cb67-64c5-42d0-8add-e6cfbe61ae32 with 6a401049-c0a4-4a5a-a772-ec42bf334a05
[35m[HTTP][39m [37m<-- GET /wd/hub/session/6a401049-c0a4-4a5a-a772-ec42bf334a05/element/00000000-0000-0171-ffff-ffff00000085/location [39m[32m200[39m [90m35 ms - 77[39m
[35m[HTTP][39m [90m[39m
[35m[HTTP][39m [37m-->[39m [37mPOST[39m [37m/wd/hub/session/6a401049-c0a4-4a5a-a772-ec42bf334a05/elements[39m
[35m[HTTP][39m [90m{"using":"xpath","value":"//*[@class = 'android.widget.Button' and (@text = 'SIGN IN TO EXISTING ACCOUNT' or . = 'SIGN IN TO EXISTING ACCOUNT') and @resource-id = 'com.adpog.diary:id/login']"}[39m
[35m[HTTP][39m [37m<-- POST /wd/hub/session/6a401049-c0a4-4a5a-a772-ec42bf334a05/elements [39m[32m200[39m [90m148 ms - 139[39m
[35m[HTTP][39m [90m[39m
[35m[HTTP][39m [37m-->[39m [37mGET[39m [37m/wd/hub/session/6a401049-c0a4-4a5a-a772-ec42bf334a05/element/00000000-0000-0171-ffff-ffff00000085/location[39m
[35m[HTTP][39m [90m{}[39m
[35m[W3C (6a401049)][39m Driver proxy active, passing request on via HTTP proxy
[35m[WD Proxy][39m Replacing sessionId ffb0cb67-64c5-42d0-8add-e6cfbe61ae32 with 6a401049-c0a4-4a5a-a772-ec42bf334a05
[35m[HTTP][39m [37m<-- GET /wd/hub/session/6a401049-c0a4-4a5a-a772-ec42bf334a05/element/00000000-0000-0171-ffff-ffff00000085/location [39m[32m200[39m [90m37 ms - 77[39m
[35m[HTTP][39m [90m[39m
[35m[HTTP][39m [37m-->[39m [37mPOST[39m [37m/wd/hub/session/6a401049-c0a4-4a5a-a772-ec42bf334a05/elements[39m
[35m[HTTP][39m [90m{"using":"xpath","value":"//*[@class = 'android.widget.Button' and (@text = 'SIGN IN TO EXISTING ACCOUNT' or . = 'SIGN IN TO EXISTING ACCOUNT') and @resource-id = 'com.adpog.diary:id/login']"}[39m
[35m[HTTP][39m [37m<-- POST /wd/hub/session/6a401049-c0a4-4a5a-a772-ec42bf334a05/elements [39m[32m200[39m [90m121 ms - 139[39m
[35m[HTTP][39m [90m[39m
[35m[HTTP][39m [37m-->[39m [37mGET[39m [37m/wd/hub/session/6a401049-c0a4-4a5a-a772-ec42bf334a05/element/00000000-0000-0171-ffff-ffff00000085/location[39m
[35m[HTTP][39m [90m{}[39m
[35m[W3C (6a401049)][39m Driver proxy active, passing request on via HTTP proxy
[35m[WD Proxy][39m Replacing sessionId ffb0cb67-64c5-42d0-8add-e6cfbe61ae32 with 6a401049-c0a4-4a5a-a772-ec42bf334a05
[35m[HTTP][39m [37m<-- GET /wd/hub/session/6a401049-c0a4-4a5a-a772-ec42bf334a05/element/00000000-0000-0171-ffff-ffff00000085/location [39m[32m200[39m [90m37 ms - 77[39m
[35m[HTTP][39m [90m[39m
[35m[HTTP][39m [37m-->[39m [37mPOST[39m [37m/wd/hub/session/6a401049-c0a4-4a5a-a772-ec42bf334a05/elements[39m
[35m[HTTP][39m [90m{"using":"xpath","value":"//*[@class = 'android.widget.Button' and (@text = 'SIGN IN TO EXISTING ACCOUNT' or . = 'SIGN IN TO EXISTING ACCOUNT') and @resource-id = 'com.adpog.diary:id/login']"}[39m
[35m[HTTP][39m [37m<-- POST /wd/hub/session/6a401049-c0a4-4a5a-a772-ec42bf334a05/elements [39m[32m200[39m [90m113 ms - 139[39m
[35m[HTTP][39m [90m[39m
[35m[HTTP][39m [37m-->[39m [37mGET[39m [37m/wd/hub/session/6a401049-c0a4-4a5a-a772-ec42bf334a05/element/00000000-0000-0171-ffff-ffff00000085/location[39m
[35m[HTTP][39m [90m{}[39m
[35m[W3C (6a401049)][39m Driver proxy active, passing request on via HTTP proxy
[35m[WD Proxy][39m Replacing sessionId ffb0cb67-64c5-42d0-8add-e6cfbe61ae32 with 6a401049-c0a4-4a5a-a772-ec42bf334a05
[35m[HTTP][39m [37m<-- GET /wd/hub/session/6a401049-c0a4-4a5a-a772-ec42bf334a05/element/00000000-0000-0171-ffff-ffff00000085/location [39m[32m200[39m [90m38 ms - 77[39m
[35m[HTTP][39m [90m[39m
[35m[HTTP][39m [37m-->[39m [37mPOST[39m [37m/wd/hub/session/6a401049-c0a4-4a5a-a772-ec42bf334a05/elements[39m
[35m[HTTP][39m [90m{"using":"xpath","value":"//*[@class = 'android.widget.Button' and (@text = 'SIGN IN TO EXISTING ACCOUNT' or . = 'SIGN IN TO EXISTING ACCOUNT') and @resource-id = 'com.adpog.diary:id/login']"}[39m
[35m[HTTP][39m [37m<-- POST /wd/hub/session/6a401049-c0a4-4a5a-a772-ec42bf334a05/elements [39m[32m200[39m [90m136 ms - 139[39m
[35m[HTTP][39m [90m[39m
[35m[HTTP][39m [37m-->[39m [37mGET[39m [37m/wd/hub/session/6a401049-c0a4-4a5a-a772-ec42bf334a05/element/00000000-0000-0171-ffff-ffff00000085/location[39m
[35m[HTTP][39m [90m{}[39m
[35m[W3C (6a401049)][39m Driver proxy active, passing request on via HTTP proxy
[35m[WD Proxy][39m Replacing sessionId ffb0cb67-64c5-42d0-8add-e6cfbe61ae32 with 6a401049-c0a4-4a5a-a772-ec42bf334a05
[35m[HTTP][39m [37m<-- GET /wd/hub/session/6a401049-c0a4-4a5a-a772-ec42bf334a05/element/00000000-0000-0171-ffff-ffff00000085/location [39m[32m200[39m [90m33 ms - 77[39m
[35m[HTTP][39m [90m[39m
[35m[HTTP][39m [37m-->[39m [37mPOST[39m [37m/wd/hub/session/6a401049-c0a4-4a5a-a772-ec42bf334a05/elements[39m
[35m[HTTP][39m [90m{"using":"xpath","value":"//*[@class = 'android.widget.Button' and (@text = 'SIGN IN TO EXISTING ACCOUNT' or . = 'SIGN IN TO EXISTING ACCOUNT') and @resource-id = 'com.adpog.diary:id/login']"}[39m
[35m[HTTP][39m [37m<-- POST /wd/hub/session/6a401049-c0a4-4a5a-a772-ec42bf334a05/elements [39m[32m200[39m [90m106 ms - 139[39m
[35m[HTTP][39m [90m[39m
[35m[HTTP][39m [37m-->[39m [37mGET[39m [37m/wd/hub/session/6a401049-c0a4-4a5a-a772-ec42bf334a05/element/00000000-0000-0171-ffff-ffff00000085/location[39m
[35m[HTTP][39m [90m{}[39m
[35m[W3C (6a401049)][39m Driver proxy active, passing request on via HTTP proxy
[35m[WD Proxy][39m Replacing sessionId ffb0cb67-64c5-42d0-8add-e6cfbe61ae32 with 6a401049-c0a4-4a5a-a772-ec42bf334a05
[35m[HTTP][39m [37m<-- GET /wd/hub/session/6a401049-c0a4-4a5a-a772-ec42bf334a05/element/00000000-0000-0171-ffff-ffff00000085/location [39m[32m200[39m [90m38 ms - 77[39m
[35m[HTTP][39m [90m[39m
[35m[HTTP][39m [37m-->[39m [37mPOST[39m [37m/wd/hub/session/6a401049-c0a4-4a5a-a772-ec42bf334a05/elements[39m
[35m[HTTP][39m [90m{"using":"xpath","value":"//*[@class = 'android.widget.Button' and (@text = 'SIGN IN TO EXISTING ACCOUNT' or . = 'SIGN IN TO EXISTING ACCOUNT') and @resource-id = 'com.adpog.diary:id/login']"}[39m
[35m[HTTP][39m [37m<-- POST /wd/hub/session/6a401049-c0a4-4a5a-a772-ec42bf334a05/elements [39m[32m200[39m [90m97 ms - 139[39m
[35m[HTTP][39m [90m[39m
[35m[HTTP][39m [37m-->[39m [37mGET[39m [37m/wd/hub/session/6a401049-c0a4-4a5a-a772-ec42bf334a05/element/00000000-0000-0171-ffff-ffff00000085/location[39m
[35m[HTTP][39m [90m{}[39m
[35m[W3C (6a401049)][39m Driver proxy active, passing request on via HTTP proxy
[35m[WD Proxy][39m Replacing sessionId ffb0cb67-64c5-42d0-8add-e6cfbe61ae32 with 6a401049-c0a4-4a5a-a772-ec42bf334a05
[35m[HTTP][39m [37m<-- GET /wd/hub/session/6a401049-c0a4-4a5a-a772-ec42bf334a05/element/00000000-0000-0171-ffff-ffff00000085/location [39m[32m200[39m [90m15 ms - 77[39m
[35m[HTTP][39m [90m[39m
[35m[HTTP][39m [37m-->[39m [37mPOST[39m [37m/wd/hub/session/6a401049-c0a4-4a5a-a772-ec42bf334a05/elements[39m
[35m[HTTP][39m [90m{"using":"xpath","value":"//*[@class = 'android.widget.Button' and (@text = 'SIGN IN TO EXISTING ACCOUNT' or . = 'SIGN IN TO EXISTING ACCOUNT') and @resource-id = 'com.adpog.diary:id/login']"}[39m
[35m[HTTP][39m [37m<-- POST /wd/hub/session/6a401049-c0a4-4a5a-a772-ec42bf334a05/elements [39m[32m200[39m [90m47 ms - 139[39m
[35m[HTTP][39m [90m[39m
[35m[HTTP][39m [37m-->[39m [37mGET[39m [37m/wd/hub/session/6a401049-c0a4-4a5a-a772-ec42bf334a05/element/00000000-0000-0171-ffff-ffff00000085/location[39m
[35m[HTTP][39m [90m{}[39m
[35m[W3C (6a401049)][39m Driver proxy active, passing request on via HTTP proxy
[35m[WD Proxy][39m Replacing sessionId ffb0cb67-64c5-42d0-8add-e6cfbe61ae32 with 6a401049-c0a4-4a5a-a772-ec42bf334a05
[35m[HTTP][39m [37m<-- GET /wd/hub/session/6a401049-c0a4-4a5a-a772-ec42bf334a05/element/00000000-0000-0171-ffff-ffff00000085/location [39m[32m200[39m [90m21 ms - 77[39m
[35m[HTTP][39m [90m[39m
[35m[HTTP][39m [37m-->[39m [37mPOST[39m [37m/wd/hub/session/6a401049-c0a4-4a5a-a772-ec42bf334a05/elements[39m
[35m[HTTP][39m [90m{"using":"xpath","value":"//*[@class = 'android.widget.Button' and (@text = 'SIGN IN TO EXISTING ACCOUNT' or . = 'SIGN IN TO EXISTING ACCOUNT') and @resource-id = 'com.adpog.diary:id/login']"}[39m
[35m[HTTP][39m [37m<-- POST /wd/hub/session/6a401049-c0a4-4a5a-a772-ec42bf334a05/elements [39m[32m200[39m [90m94 ms - 139[39m
[35m[HTTP][39m [90m[39m
[35m[HTTP][39m [37m-->[39m [37mGET[39m [37m/wd/hub/session/6a401049-c0a4-4a5a-a772-ec42bf334a05/element/00000000-0000-0171-ffff-ffff00000085/location[39m
[35m[HTTP][39m [90m{}[39m
[35m[W3C (6a401049)][39m Driver proxy active, passing request on via HTTP proxy
[35m[WD Proxy][39m Replacing sessionId ffb0cb67-64c5-42d0-8add-e6cfbe61ae32 with 6a401049-c0a4-4a5a-a772-ec42bf334a05
[35m[HTTP][39m [37m<-- GET /wd/hub/session/6a401049-c0a4-4a5a-a772-ec42bf334a05/element/00000000-0000-0171-ffff-ffff00000085/location [39m[32m200[39m [90m44 ms - 77[39m
[35m[HTTP][39m [90m[39m
[35m[HTTP][39m [37m-->[39m [37mPOST[39m [37m/wd/hub/session/6a401049-c0a4-4a5a-a772-ec42bf334a05/elements[39m
[35m[HTTP][39m [90m{"using":"xpath","value":"//*[@class = 'android.widget.Button' and (@text = 'SIGN IN TO EXISTING ACCOUNT' or . = 'SIGN IN TO EXISTING ACCOUNT') and @resource-id = 'com.adpog.diary:id/login']"}[39m
[35m[HTTP][39m [37m<-- POST /wd/hub/session/6a401049-c0a4-4a5a-a772-ec42bf334a05/elements [39m[32m200[39m [90m105 ms - 139[39m
[35m[HTTP][39m [90m[39m
[35m[HTTP][39m [37m-->[39m [37mGET[39m [37m/wd/hub/session/6a401049-c0a4-4a5a-a772-ec42bf334a05/element/00000000-0000-0171-ffff-ffff00000085/location[39m
[35m[HTTP][39m [90m{}[39m
[35m[W3C (6a401049)][39m Driver proxy active, passing request on via HTTP proxy
[35m[WD Proxy][39m Replacing sessionId ffb0cb67-64c5-42d0-8add-e6cfbe61ae32 with 6a401049-c0a4-4a5a-a772-ec42bf334a05
[35m[HTTP][39m [37m<-- GET /wd/hub/session/6a401049-c0a4-4a5a-a772-ec42bf334a05/element/00000000-0000-0171-ffff-ffff00000085/location [39m[32m200[39m [90m43 ms - 77[39m
[35m[HTTP][39m [90m[39m
[35m[HTTP][39m [37m-->[39m [37mPOST[39m [37m/wd/hub/session/6a401049-c0a4-4a5a-a772-ec42bf334a05/elements[39m
[35m[HTTP][39m [90m{"using":"xpath","value":"//*[@class = 'android.widget.Button' and (@text = 'SIGN IN TO EXISTING ACCOUNT' or . = 'SIGN IN TO EXISTING ACCOUNT') and @resource-id = 'com.adpog.diary:id/login']"}[39m
[35m[HTTP][39m [37m<-- POST /wd/hub/session/6a401049-c0a4-4a5a-a772-ec42bf334a05/elements [39m[32m200[39m [90m115 ms - 139[39m
[35m[HTTP][39m [90m[39m
[35m[HTTP][39m [37m-->[39m [37mGET[39m [37m/wd/hub/session/6a401049-c0a4-4a5a-a772-ec42bf334a05/element/00000000-0000-0171-ffff-ffff00000085/location[39m
[35m[HTTP][39m [90m{}[39m
[35m[W3C (6a401049)][39m Driver proxy active, passing request on via HTTP proxy
[35m[WD Proxy][39m Replacing sessionId ffb0cb67-64c5-42d0-8add-e6cfbe61ae32 with 6a401049-c0a4-4a5a-a772-ec42bf334a05
[35m[HTTP][39m [37m<-- GET /wd/hub/session/6a401049-c0a4-4a5a-a772-ec42bf334a05/element/00000000-0000-0171-ffff-ffff00000085/location [39m[32m200[39m [90m38 ms - 77[39m
[35m[HTTP][39m [90m[39m
[35m[HTTP][39m [37m-->[39m [37mPOST[39m [37m/wd/hub/session/6a401049-c0a4-4a5a-a772-ec42bf334a05/elements[39m
[35m[HTTP][39m [90m{"using":"xpath","value":"//*[@class = 'android.widget.Button' and (@text = 'SIGN IN TO EXISTING ACCOUNT' or . = 'SIGN IN TO EXISTING ACCOUNT') and @resource-id = 'com.adpog.diary:id/login']"}[39m
[35m[HTTP][39m [37m<-- POST /wd/hub/session/6a401049-c0a4-4a5a-a772-ec42bf334a05/elements [39m[32m200[39m [90m127 ms - 139[39m
[35m[HTTP][39m [90m[39m
[35m[HTTP][39m [37m-->[39m [37mGET[39m [37m/wd/hub/session/6a401049-c0a4-4a5a-a772-ec42bf334a05/element/00000000-0000-0171-ffff-ffff00000085/location[39m
[35m[HTTP][39m [90m{}[39m
[35m[W3C (6a401049)][39m Driver proxy active, passing request on via HTTP proxy
[35m[WD Proxy][39m Replacing sessionId ffb0cb67-64c5-42d0-8add-e6cfbe61ae32 with 6a401049-c0a4-4a5a-a772-ec42bf334a05
[35m[HTTP][39m [37m<-- GET /wd/hub/session/6a401049-c0a4-4a5a-a772-ec42bf334a05/element/00000000-0000-0171-ffff-ffff00000085/location [39m[32m200[39m [90m49 ms - 77[39m
[35m[HTTP][39m [90m[39m
[35m[HTTP][39m [37m-->[39m [37mPOST[39m [37m/wd/hub/session/6a401049-c0a4-4a5a-a772-ec42bf334a05/elements[39m
[35m[HTTP][39m [90m{"using":"xpath","value":"//*[@class = 'android.widget.Button' and (@text = 'SIGN IN TO EXISTING ACCOUNT' or . = 'SIGN IN TO EXISTING ACCOUNT') and @resource-id = 'com.adpog.diary:id/login']"}[39m
[35m[HTTP][39m [37m<-- POST /wd/hub/session/6a401049-c0a4-4a5a-a772-ec42bf334a05/elements [39m[32m200[39m [90m176 ms - 139[39m
[35m[HTTP][39m [90m[39m
[35m[HTTP][39m [37m-->[39m [37mGET[39m [37m/wd/hub/session/6a401049-c0a4-4a5a-a772-ec42bf334a05/element/00000000-0000-0171-ffff-ffff00000085/location[39m
[35m[HTTP][39m [90m{}[39m
[35m[W3C (6a401049)][39m Driver proxy active, passing request on via HTTP proxy
[35m[WD Proxy][39m Replacing sessionId ffb0cb67-64c5-42d0-8add-e6cfbe61ae32 with 6a401049-c0a4-4a5a-a772-ec42bf334a05
[35m[HTTP][39m [37m<-- GET /wd/hub/session/6a401049-c0a4-4a5a-a772-ec42bf334a05/element/00000000-0000-0171-ffff-ffff00000085/location [39m[32m200[39m [90m18 ms - 77[39m
[35m[HTTP][39m [90m[39m
[35m[HTTP][39m [37m-->[39m [37mPOST[39m [37m/wd/hub/session/6a401049-c0a4-4a5a-a772-ec42bf334a05/elements[39m
[35m[HTTP][39m [90m{"using":"xpath","value":"//*[@class = 'android.widget.Button' and (@text = 'SIGN IN TO EXISTING ACCOUNT' or . = 'SIGN IN TO EXISTING ACCOUNT') and @resource-id = 'com.adpog.diary:id/login']"}[39m
[35m[HTTP][39m [37m<-- POST /wd/hub/session/6a401049-c0a4-4a5a-a772-ec42bf334a05/elements [39m[32m200[39m [90m53 ms - 139[39m
[35m[HTTP][39m [90m[39m
[35m[HTTP][39m [37m-->[39m [37mGET[39m [37m/wd/hub/session/6a401049-c0a4-4a5a-a772-ec42bf334a05/element/00000000-0000-0171-ffff-ffff00000085/location[39m
[35m[HTTP][39m [90m{}[39m
[35m[W3C (6a401049)][39m Driver proxy active, passing request on via HTTP proxy
[35m[WD Proxy][39m Replacing sessionId ffb0cb67-64c5-42d0-8add-e6cfbe61ae32 with 6a401049-c0a4-4a5a-a772-ec42bf334a05
[35m[HTTP][39m [37m<-- GET /wd/hub/session/6a401049-c0a4-4a5a-a772-ec42bf334a05/element/00000000-0000-0171-ffff-ffff00000085/location [39m[32m200[39m [90m24 ms - 77[39m
[35m[HTTP][39m [90m[39m
[35m[HTTP][39m [37m-->[39m [37mPOST[39m [37m/wd/hub/session/6a401049-c0a4-4a5a-a772-ec42bf334a05/elements[39m
[35m[HTTP][39m [90m{"using":"xpath","value":"//*[@class = 'android.widget.Button' and (@text = 'SIGN IN TO EXISTING ACCOUNT' or . = 'SIGN IN TO EXISTING ACCOUNT') and @resource-id = 'com.adpog.diary:id/login']"}[39m
[35m[HTTP][39m [37m<-- POST /wd/hub/session/6a401049-c0a4-4a5a-a772-ec42bf334a05/elements [39m[32m200[39m [90m55 ms - 139[39m
[35m[HTTP][39m [90m[39m
[35m[HTTP][39m [37m-->[39m [37mGET[39m [37m/wd/hub/session/6a401049-c0a4-4a5a-a772-ec42bf334a05/element/00000000-0000-0171-ffff-ffff00000085/location[39m
[35m[HTTP][39m [90m{}[39m
[35m[W3C (6a401049)][39m Driver proxy active, passing request on via HTTP proxy
[35m[WD Proxy][39m Replacing sessionId ffb0cb67-64c5-42d0-8add-e6cfbe61ae32 with 6a401049-c0a4-4a5a-a772-ec42bf334a05
[35m[HTTP][39m [37m<-- GET /wd/hub/session/6a401049-c0a4-4a5a-a772-ec42bf334a05/element/00000000-0000-0171-ffff-ffff00000085/location [39m[32m200[39m [90m32 ms - 77[39m
[35m[HTTP][39m [90m[39m
[35m[HTTP][39m [37m-->[39m [37mPOST[39m [37m/wd/hub/session/6a401049-c0a4-4a5a-a772-ec42bf334a05/elements[39m
[35m[HTTP][39m [90m{"using":"xpath","value":"//*[@class = 'android.widget.Button' and (@text = 'SIGN IN TO EXISTING ACCOUNT' or . = 'SIGN IN TO EXISTING ACCOUNT') and @resource-id = 'com.adpog.diary:id/login']"}[39m
[35m[HTTP][39m [37m<-- POST /wd/hub/session/6a401049-c0a4-4a5a-a772-ec42bf334a05/elements [39m[32m200[39m [90m103 ms - 139[39m
[35m[HTTP][39m [90m[39m
[35m[HTTP][39m [37m-->[39m [37mGET[39m [37m/wd/hub/session/6a401049-c0a4-4a5a-a772-ec42bf334a05/element/00000000-0000-0171-ffff-ffff00000085/location[39m
[35m[HTTP][39m [90m{}[39m
[35m[W3C (6a401049)][39m Driver proxy active, passing request on via HTTP proxy
[35m[WD Proxy][39m Replacing sessionId ffb0cb67-64c5-42d0-8add-e6cfbe61ae32 with 6a401049-c0a4-4a5a-a772-ec42bf334a05
[35m[HTTP][39m [37m<-- GET /wd/hub/session/6a401049-c0a4-4a5a-a772-ec42bf334a05/element/00000000-0000-0171-ffff-ffff00000085/location [39m[32m200[39m [90m40 ms - 77[39m
[35m[HTTP][39m [90m[39m
[35m[HTTP][39m [37m-->[39m [37mPOST[39m [37m/wd/hub/session/6a401049-c0a4-4a5a-a772-ec42bf334a05/elements[39m
[35m[HTTP][39m [90m{"using":"xpath","value":"//*[@class = 'android.widget.Button' and (@text = 'SIGN IN TO EXISTING ACCOUNT' or . = 'SIGN IN TO EXISTING ACCOUNT') and @resource-id = 'com.adpog.diary:id/login']"}[39m
[35m[HTTP][39m [37m<-- POST /wd/hub/session/6a401049-c0a4-4a5a-a772-ec42bf334a05/elements [39m[32m200[39m [90m135 ms - 139[39m
[35m[HTTP][39m [90m[39m
[35m[HTTP][39m [37m-->[39m [37mGET[39m [37m/wd/hub/session/6a401049-c0a4-4a5a-a772-ec42bf334a05/element/00000000-0000-0171-ffff-ffff00000085/location[39m
[35m[HTTP][39m [90m{}[39m
[35m[W3C (6a401049)][39m Driver proxy active, passing request on via HTTP proxy
[35m[WD Proxy][39m Replacing sessionId ffb0cb67-64c5-42d0-8add-e6cfbe61ae32 with 6a401049-c0a4-4a5a-a772-ec42bf334a05
[35m[HTTP][39m [37m<-- GET /wd/hub/session/6a401049-c0a4-4a5a-a772-ec42bf334a05/element/00000000-0000-0171-ffff-ffff00000085/location [39m[32m200[39m [90m46 ms - 77[39m
[35m[HTTP][39m [90m[39m
[35m[HTTP][39m [37m-->[39m [37mPOST[39m [37m/wd/hub/session/6a401049-c0a4-4a5a-a772-ec42bf334a05/elements[39m
[35m[HTTP][39m [90m{"using":"xpath","value":"//*[@class = 'android.widget.Button' and (@text = 'SIGN IN TO EXISTING ACCOUNT' or . = 'SIGN IN TO EXISTING ACCOUNT') and @resource-id = 'com.adpog.diary:id/login']"}[39m
[35m[HTTP][39m [37m<-- POST /wd/hub/session/6a401049-c0a4-4a5a-a772-ec42bf334a05/elements [39m[32m200[39m [90m121 ms - 139[39m
[35m[HTTP][39m [90m[39m
[35m[HTTP][39m [37m-->[39m [37mGET[39m [37m/wd/hub/session/6a401049-c0a4-4a5a-a772-ec42bf334a05/element/00000000-0000-0171-ffff-ffff00000085/location[39m
[35m[HTTP][39m [90m{}[39m
[35m[W3C (6a401049)][39m Driver proxy active, passing request on via HTTP proxy
[35m[WD Proxy][39m Replacing sessionId ffb0cb67-64c5-42d0-8add-e6cfbe61ae32 with 6a401049-c0a4-4a5a-a772-ec42bf334a05
[35m[HTTP][39m [37m<-- GET /wd/hub/session/6a401049-c0a4-4a5a-a772-ec42bf334a05/element/00000000-0000-0171-ffff-ffff00000085/location [39m[32m200[39m [90m37 ms - 77[39m
[35m[HTTP][39m [90m[39m
[35m[HTTP][39m [37m-->[39m [37mPOST[39m [37m/wd/hub/session/6a401049-c0a4-4a5a-a772-ec42bf334a05/elements[39m
[35m[HTTP][39m [90m{"using":"xpath","value":"//*[@class = 'android.widget.Button' and (@text = 'SIGN IN TO EXISTING ACCOUNT' or . = 'SIGN IN TO EXISTING ACCOUNT') and @resource-id = 'com.adpog.diary:id/login']"}[39m
[35m[HTTP][39m [37m<-- POST /wd/hub/session/6a401049-c0a4-4a5a-a772-ec42bf334a05/elements [39m[32m200[39m [90m110 ms - 139[39m
[35m[HTTP][39m [90m[39m
[35m[HTTP][39m [37m-->[39m [37mGET[39m [37m/wd/hub/session/6a401049-c0a4-4a5a-a772-ec42bf334a05/element/00000000-0000-0171-ffff-ffff00000085/location[39m
[35m[HTTP][39m [90m{}[39m
[35m[W3C (6a401049)][39m Driver proxy active, passing request on via HTTP proxy
[35m[WD Proxy][39m Replacing sessionId ffb0cb67-64c5-42d0-8add-e6cfbe61ae32 with 6a401049-c0a4-4a5a-a772-ec42bf334a05
[35m[HTTP][39m [37m<-- GET /wd/hub/session/6a401049-c0a4-4a5a-a772-ec42bf334a05/element/00000000-0000-0171-ffff-ffff00000085/location [39m[32m200[39m [90m37 ms - 77[39m
[35m[HTTP][39m [90m[39m
[35m[HTTP][39m [37m-->[39m [37mPOST[39m [37m/wd/hub/session/6a401049-c0a4-4a5a-a772-ec42bf334a05/elements[39m
[35m[HTTP][39m [90m{"using":"xpath","value":"//*[@class = 'android.widget.Button' and (@text = 'SIGN IN TO EXISTING ACCOUNT' or . = 'SIGN IN TO EXISTING ACCOUNT') and @resource-id = 'com.adpog.diary:id/login']"}[39m
[35m[HTTP][39m [37m<-- POST /wd/hub/session/6a401049-c0a4-4a5a-a772-ec42bf334a05/elements [39m[32m200[39m [90m120 ms - 139[39m
[35m[HTTP][39m [90m[39m
[35m[HTTP][39m [37m-->[39m [37mGET[39m [37m/wd/hub/session/6a401049-c0a4-4a5a-a772-ec42bf334a05/element/00000000-0000-0171-ffff-ffff00000085/location[39m
[35m[HTTP][39m [90m{}[39m
[35m[W3C (6a401049)][39m Driver proxy active, passing request on via HTTP proxy
[35m[WD Proxy][39m Replacing sessionId ffb0cb67-64c5-42d0-8add-e6cfbe61ae32 with 6a401049-c0a4-4a5a-a772-ec42bf334a05
[35m[HTTP][39m [37m<-- GET /wd/hub/session/6a401049-c0a4-4a5a-a772-ec42bf334a05/element/00000000-0000-0171-ffff-ffff00000085/location [39m[32m200[39m [90m37 ms - 77[39m
[35m[HTTP][39m [90m[39m
[35m[HTTP][39m [37m-->[39m [37mPOST[39m [37m/wd/hub/session/6a401049-c0a4-4a5a-a772-ec42bf334a05/elements[39m
[35m[HTTP][39m [90m{"using":"xpath","value":"//*[@class = 'android.widget.Button' and (@text = 'SIGN IN TO EXISTING ACCOUNT' or . = 'SIGN IN TO EXISTING ACCOUNT') and @resource-id = 'com.adpog.diary:id/login']"}[39m
[35m[HTTP][39m [37m<-- POST /wd/hub/session/6a401049-c0a4-4a5a-a772-ec42bf334a05/elements [39m[32m200[39m [90m127 ms - 139[39m
[35m[HTTP][39m [90m[39m
[35m[HTTP][39m [37m-->[39m [37mGET[39m [37m/wd/hub/session/6a401049-c0a4-4a5a-a772-ec42bf334a05/element/00000000-0000-0171-ffff-ffff00000085/location[39m
[35m[HTTP][39m [90m{}[39m
[35m[W3C (6a401049)][39m Driver proxy active, passing request on via HTTP proxy
[35m[WD Proxy][39m Replacing sessionId ffb0cb67-64c5-42d0-8add-e6cfbe61ae32 with 6a401049-c0a4-4a5a-a772-ec42bf334a05
[35m[HTTP][39m [37m<-- GET /wd/hub/session/6a401049-c0a4-4a5a-a772-ec42bf334a05/element/00000000-0000-0171-ffff-ffff00000085/location [39m[32m200[39m [90m34 ms - 77[39m
[35m[HTTP][39m [90m[39m
[35m[HTTP][39m [37m-->[39m [37mPOST[39m [37m/wd/hub/session/6a401049-c0a4-4a5a-a772-ec42bf334a05/elements[39m
[35m[HTTP][39m [90m{"using":"xpath","value":"//*[@class = 'android.widget.Button' and (@text = 'SIGN IN TO EXISTING ACCOUNT' or . = 'SIGN IN TO EXISTING ACCOUNT') and @resource-id = 'com.adpog.diary:id/login']"}[39m
[35m[HTTP][39m [37m<-- POST /wd/hub/session/6a401049-c0a4-4a5a-a772-ec42bf334a05/elements [39m[32m200[39m [90m101 ms - 139[39m
[35m[HTTP][39m [90m[39m
[35m[HTTP][39m [37m-->[39m [37mGET[39m [37m/wd/hub/session/6a401049-c0a4-4a5a-a772-ec42bf334a05/element/00000000-0000-0171-ffff-ffff00000085/location[39m
[35m[HTTP][39m [90m{}[39m
[35m[W3C (6a401049)][39m Driver proxy active, passing request on via HTTP proxy
[35m[WD Proxy][39m Replacing sessionId ffb0cb67-64c5-42d0-8add-e6cfbe61ae32 with 6a401049-c0a4-4a5a-a772-ec42bf334a05
[35m[HTTP][39m [37m<-- GET /wd/hub/session/6a401049-c0a4-4a5a-a772-ec42bf334a05/element/00000000-0000-0171-ffff-ffff00000085/location [39m[32m200[39m [90m38 ms - 77[39m
[35m[HTTP][39m [90m[39m
[35m[HTTP][39m [37m-->[39m [37mPOST[39m [37m/wd/hub/session/6a401049-c0a4-4a5a-a772-ec42bf334a05/elements[39m
[35m[HTTP][39m [90m{"using":"xpath","value":"//*[@class = 'android.widget.Button' and (@text = 'SIGN IN TO EXISTING ACCOUNT' or . = 'SIGN IN TO EXISTING ACCOUNT') and @resource-id = 'com.adpog.diary:id/login']"}[39m
[35m[HTTP][39m [37m<-- POST /wd/hub/session/6a401049-c0a4-4a5a-a772-ec42bf334a05/elements [39m[32m200[39m [90m144 ms - 139[39m
[35m[HTTP][39m [90m[39m
[35m[HTTP][39m [37m-->[39m [37mGET[39m [37m/wd/hub/session/6a401049-c0a4-4a5a-a772-ec42bf334a05/element/00000000-0000-0171-ffff-ffff00000085/location[39m
[35m[HTTP][39m [90m{}[39m
[35m[W3C (6a401049)][39m Driver proxy active, passing request on via HTTP proxy
[35m[WD Proxy][39m Replacing sessionId ffb0cb67-64c5-42d0-8add-e6cfbe61ae32 with 6a401049-c0a4-4a5a-a772-ec42bf334a05
[35m[HTTP][39m [37m<-- GET /wd/hub/session/6a401049-c0a4-4a5a-a772-ec42bf334a05/element/00000000-0000-0171-ffff-ffff00000085/location [39m[32m200[39m [90m42 ms - 77[39m
[35m[HTTP][39m [90m[39m
[35m[HTTP][39m [37m-->[39m [37mPOST[39m [37m/wd/hub/session/6a401049-c0a4-4a5a-a772-ec42bf334a05/elements[39m
[35m[HTTP][39m [90m{"using":"xpath","value":"//*[@class = 'android.widget.Button' and (@text = 'SIGN IN TO EXISTING ACCOUNT' or . = 'SIGN IN TO EXISTING ACCOUNT') and @resource-id = 'com.adpog.diary:id/login']"}[39m
[35m[HTTP][39m [37m<-- POST /wd/hub/session/6a401049-c0a4-4a5a-a772-ec42bf334a05/elements [39m[32m200[39m [90m109 ms - 139[39m
[35m[HTTP][39m [90m[39m
[35m[HTTP][39m [37m-->[39m [37mGET[39m [37m/wd/hub/session/6a401049-c0a4-4a5a-a772-ec42bf334a05/element/00000000-0000-0171-ffff-ffff00000085/location[39m
[35m[HTTP][39m [90m{}[39m
[35m[W3C (6a401049)][39m Driver proxy active, passing request on via HTTP proxy
[35m[WD Proxy][39m Replacing sessionId ffb0cb67-64c5-42d0-8add-e6cfbe61ae32 with 6a401049-c0a4-4a5a-a772-ec42bf334a05
[35m[HTTP][39m [37m<-- GET /wd/hub/session/6a401049-c0a4-4a5a-a772-ec42bf334a05/element/00000000-0000-0171-ffff-ffff00000085/location [39m[32m200[39m [90m40 ms - 77[39m
[35m[HTTP][39m [90m[39m
[35m[HTTP][39m [37m-->[39m [37mPOST[39m [37m/wd/hub/session/6a401049-c0a4-4a5a-a772-ec42bf334a05/elements[39m
[35m[HTTP][39m [90m{"using":"xpath","value":"//*[@class = 'android.widget.Button' and (@text = 'SIGN IN TO EXISTING ACCOUNT' or . = 'SIGN IN TO EXISTING ACCOUNT') and @resource-id = 'com.adpog.diary:id/login']"}[39m
[35m[HTTP][39m [37m<-- POST /wd/hub/session/6a401049-c0a4-4a5a-a772-ec42bf334a05/elements [39m[32m200[39m [90m126 ms - 139[39m
[35m[HTTP][39m [90m[39m
[35m[HTTP][39m [37m-->[39m [37mGET[39m [37m/wd/hub/session/6a401049-c0a4-4a5a-a772-ec42bf334a05/element/00000000-0000-0171-ffff-ffff00000085/location[39m
[35m[HTTP][39m [90m{}[39m
[35m[W3C (6a401049)][39m Driver proxy active, passing request on via HTTP proxy
[35m[WD Proxy][39m Replacing sessionId ffb0cb67-64c5-42d0-8add-e6cfbe61ae32 with 6a401049-c0a4-4a5a-a772-ec42bf334a05
[35m[HTTP][39m [37m<-- GET /wd/hub/session/6a401049-c0a4-4a5a-a772-ec42bf334a05/element/00000000-0000-0171-ffff-ffff00000085/location [39m[32m200[39m [90m40 ms - 77[39m
[35m[HTTP][39m [90m[39m
[35m[HTTP][39m [37m-->[39m [37mPOST[39m [37m/wd/hub/session/6a401049-c0a4-4a5a-a772-ec42bf334a05/elements[39m
[35m[HTTP][39m [90m{"using":"xpath","value":"//*[@class = 'android.widget.Button' and (@text = 'SIGN IN TO EXISTING ACCOUNT' or . = 'SIGN IN TO EXISTING ACCOUNT') and @resource-id = 'com.adpog.diary:id/login']"}[39m
[35m[HTTP][39m [37m<-- POST /wd/hub/session/6a401049-c0a4-4a5a-a772-ec42bf334a05/elements [39m[32m200[39m [90m143 ms - 139[39m
[35m[HTTP][39m [90m[39m
[35m[HTTP][39m [37m-->[39m [37mGET[39m [37m/wd/hub/session/6a401049-c0a4-4a5a-a772-ec42bf334a05/element/00000000-0000-0171-ffff-ffff00000085/location[39m
[35m[HTTP][39m [90m{}[39m
[35m[W3C (6a401049)][39m Driver proxy active, passing request on via HTTP proxy
[35m[WD Proxy][39m Replacing sessionId ffb0cb67-64c5-42d0-8add-e6cfbe61ae32 with 6a401049-c0a4-4a5a-a772-ec42bf334a05
[35m[HTTP][39m [37m<-- GET /wd/hub/session/6a401049-c0a4-4a5a-a772-ec42bf334a05/element/00000000-0000-0171-ffff-ffff00000085/location [39m[32m200[39m [90m21 ms - 77[39m
[35m[HTTP][39m [90m[39m
[35m[HTTP][39m [37m-->[39m [37mPOST[39m [37m/wd/hub/session/6a401049-c0a4-4a5a-a772-ec42bf334a05/element/00000000-0000-0171-ffff-ffff00000085/click[39m
[35m[HTTP][39m [90m{"id":"00000000-0000-0171-ffff-ffff00000085"}[39m
[35m[HTTP][39m [37m<-- POST /wd/hub/session/6a401049-c0a4-4a5a-a772-ec42bf334a05/element/00000000-0000-0171-ffff-ffff00000085/click [39m[32m200[39m [90m99 ms - 14[39m
[35m[HTTP][39m [90m[39m
[35m[HTTP][39m [37m-->[39m [37mGET[39m [37m/wd/hub/session/6a401049-c0a4-4a5a-a772-ec42bf334a05/source[39m
[35m[HTTP][39m [90m{}[39m
[35m[W3C (6a401049)][39m Driver proxy active, passing request on via HTTP proxy
[35m[WD Proxy][39m Replacing sessionId ffb0cb67-64c5-42d0-8add-e6cfbe61ae32 with 6a401049-c0a4-4a5a-a772-ec42bf334a05
[35m[HTTP][39m [37m<-- GET /wd/hub/session/6a401049-c0a4-4a5a-a772-ec42bf334a05/source [39m[32m200[39m [90m621 ms - 12764[39m
[35m[HTTP][39m [90m[39m
[35m[HTTP][39m [37m-->[39m [37mGET[39m [37m/wd/hub/session/6a401049-c0a4-4a5a-a772-ec42bf334a05/screenshot[39m
[35m[HTTP][39m [90m{}[39m
[35m[HTTP][39m [37m<-- GET /wd/hub/session/6a401049-c0a4-4a5a-a772-ec42bf334a05/screenshot [39m[32m200[39m [90m613 ms - 77380[39m
[35m[HTTP][39m [90m[39m
[35m[HTTP][39m [37m-->[39m [37mPOST[39m [37m/wd/hub/session/6a401049-c0a4-4a5a-a772-ec42bf334a05/elements[39m
[35m[HTTP][39m [90m{"using":"xpath","value":"//*[@class = 'android.widget.EditText' and (@text = 'Email' or . = 'Email') and @resource-id = 'com.adpog.diary:id/email']"}[39m
[35m[HTTP][39m [37m<-- POST /wd/hub/session/6a401049-c0a4-4a5a-a772-ec42bf334a05/elements [39m[32m200[39m [90m41 ms - 139[39m
[35m[HTTP][39m [90m[39m
[35m[HTTP][39m [37m-->[39m [37mGET[39m [37m/wd/hub/session/6a401049-c0a4-4a5a-a772-ec42bf334a05/window/rect[39m
[35m[HTTP][39m [90m{}[39m
[35m[HTTP][39m [37m<-- GET /wd/hub/session/6a401049-c0a4-4a5a-a772-ec42bf334a05/window/rect [39m[32m200[39m [90m53 ms - 50[39m
[35m[HTTP][39m [90m[39m
[35m[HTTP][39m [37m-->[39m [37mPOST[39m [37m/wd/hub/session/6a401049-c0a4-4a5a-a772-ec42bf334a05/elements[39m
[35m[HTTP][39m [90m{"using":"xpath","value":"//*[@class = 'android.widget.EditText' and (@text = 'Email' or . = 'Email') and @resource-id = 'com.adpog.diary:id/email']"}[39m
[35m[HTTP][39m [37m<-- POST /wd/hub/session/6a401049-c0a4-4a5a-a772-ec42bf334a05/elements [39m[32m200[39m [90m78 ms - 139[39m
[35m[HTTP][39m [90m[39m
[35m[HTTP][39m [37m-->[39m [37mGET[39m [37m/wd/hub/session/6a401049-c0a4-4a5a-a772-ec42bf334a05/element/00000000-0000-0172-ffff-ffff000000a0/location[39m
[35m[HTTP][39m [90m{}[39m
[35m[W3C (6a401049)][39m Driver proxy active, passing request on via HTTP proxy
[35m[WD Proxy][39m Replacing sessionId ffb0cb67-64c5-42d0-8add-e6cfbe61ae32 with 6a401049-c0a4-4a5a-a772-ec42bf334a05
[35m[HTTP][39m [37m<-- GET /wd/hub/session/6a401049-c0a4-4a5a-a772-ec42bf334a05/element/00000000-0000-0172-ffff-ffff000000a0/location [39m[32m200[39m [90m18 ms - 79[39m
[35m[HTTP][39m [90m[39m
[35m[HTTP][39m [37m-->[39m [37mPOST[39m [37m/wd/hub/session/6a401049-c0a4-4a5a-a772-ec42bf334a05/element/00000000-0000-0172-ffff-ffff000000a0/clear[39m
[35m[HTTP][39m [90m{"id":"00000000-0000-0172-ffff-ffff000000a0"}[39m
[35m[HTTP][39m [37m<-- POST /wd/hub/session/6a401049-c0a4-4a5a-a772-ec42bf334a05/element/00000000-0000-0172-ffff-ffff000000a0/clear [39m[32m200[39m [90m15 ms - 14[39m
[35m[HTTP][39m [90m[39m
[35m[HTTP][39m [37m-->[39m [37mPOST[39m [37m/wd/hub/session/6a401049-c0a4-4a5a-a772-ec42bf334a05/element/00000000-0000-0172-ffff-ffff000000a0/value[39m
[35m[HTTP][39m [90m{"id":"00000000-0000-0172-ffff-ffff000000a0","text":"yantihutasoit020@gmail.com","value":["y","a","n","t","i","h","u","t","a","s","o","i","t","0","2","0","@","g","m","a","i","l",".","c","o","m"]}[39m
[35m[HTTP][39m [37m<-- POST /wd/hub/session/6a401049-c0a4-4a5a-a772-ec42bf334a05/element/00000000-0000-0172-ffff-ffff000000a0/value [39m[32m200[39m [90m558 ms - 14[39m
[35m[HTTP][39m [90m[39m
[35m[HTTP][39m [37m-->[39m [37mGET[39m [37m/wd/hub/session/6a401049-c0a4-4a5a-a772-ec42bf334a05/source[39m
[35m[HTTP][39m [90m{}[39m
[35m[W3C (6a401049)][39m Driver proxy active, passing request on via HTTP proxy
[35m[WD Proxy][39m Replacing sessionId ffb0cb67-64c5-42d0-8add-e6cfbe61ae32 with 6a401049-c0a4-4a5a-a772-ec42bf334a05
[35m[HTTP][39m [37m<-- GET /wd/hub/session/6a401049-c0a4-4a5a-a772-ec42bf334a05/source [39m[32m200[39m [90m38 ms - 12785[39m
[35m[HTTP][39m [90m[39m
[35m[HTTP][39m [37m-->[39m [37mGET[39m [37m/wd/hub/session/6a401049-c0a4-4a5a-a772-ec42bf334a05/screenshot[39m
[35m[HTTP][39m [90m{}[39m
[35m[HTTP][39m [37m<-- GET /wd/hub/session/6a401049-c0a4-4a5a-a772-ec42bf334a05/screenshot [39m[32m200[39m [90m968 ms - 92764[39m
[35m[HTTP][39m [90m[39m
[35m[HTTP][39m [37m-->[39m [37mPOST[39m [37m/wd/hub/session/6a401049-c0a4-4a5a-a772-ec42bf334a05/elements[39m
[35m[HTTP][39m [90m{"using":"xpath","value":"//*[@class = 'android.widget.EditText' and (@text = 'Password' or . = 'Password') and @resource-id = 'com.adpog.diary:id/change_password']"}[39m
[35m[HTTP][39m [37m<-- POST /wd/hub/session/6a401049-c0a4-4a5a-a772-ec42bf334a05/elements [39m[32m200[39m [90m62 ms - 139[39m
[35m[HTTP][39m [90m[39m
[35m[HTTP][39m [37m-->[39m [37mGET[39m [37m/wd/hub/session/6a401049-c0a4-4a5a-a772-ec42bf334a05/window/rect[39m
[35m[HTTP][39m [90m{}[39m
[35m[HTTP][39m [37m<-- GET /wd/hub/session/6a401049-c0a4-4a5a-a772-ec42bf334a05/window/rect [39m[32m200[39m [90m14 ms - 50[39m
[35m[HTTP][39m [90m[39m
[35m[HTTP][39m [37m-->[39m [37mPOST[39m [37m/wd/hub/session/6a401049-c0a4-4a5a-a772-ec42bf334a05/elements[39m
[35m[HTTP][39m [90m{"using":"xpath","value":"//*[@class = 'android.widget.EditText' and (@text = 'Password' or . = 'Password') and @resource-id = 'com.adpog.diary:id/change_password']"}[39m
[35m[HTTP][39m [37m<-- POST /wd/hub/session/6a401049-c0a4-4a5a-a772-ec42bf334a05/elements [39m[32m200[39m [90m43 ms - 139[39m
[35m[HTTP][39m [90m[39m
[35m[HTTP][39m [37m-->[39m [37mGET[39m [37m/wd/hub/session/6a401049-c0a4-4a5a-a772-ec42bf334a05/element/00000000-0000-0172-ffff-ffff000000a4/location[39m
[35m[HTTP][39m [90m{}[39m
[35m[W3C (6a401049)][39m Driver proxy active, passing request on via HTTP proxy
[35m[WD Proxy][39m Replacing sessionId ffb0cb67-64c5-42d0-8add-e6cfbe61ae32 with 6a401049-c0a4-4a5a-a772-ec42bf334a05
[35m[HTTP][39m [37m<-- GET /wd/hub/session/6a401049-c0a4-4a5a-a772-ec42bf334a05/element/00000000-0000-0172-ffff-ffff000000a4/location [39m[32m200[39m [90m26 ms - 79[39m
[35m[HTTP][39m [90m[39m
[35m[HTTP][39m [37m-->[39m [37mPOST[39m [37m/wd/hub/session/6a401049-c0a4-4a5a-a772-ec42bf334a05/element/00000000-0000-0172-ffff-ffff000000a4/clear[39m
[35m[HTTP][39m [90m{"id":"00000000-0000-0172-ffff-ffff000000a4"}[39m
[35m[HTTP][39m [37m<-- POST /wd/hub/session/6a401049-c0a4-4a5a-a772-ec42bf334a05/element/00000000-0000-0172-ffff-ffff000000a4/clear [39m[32m200[39m [90m17 ms - 14[39m
[35m[HTTP][39m [90m[39m
[35m[HTTP][39m [37m-->[39m [37mPOST[39m [37m/wd/hub/session/6a401049-c0a4-4a5a-a772-ec42bf334a05/element/00000000-0000-0172-ffff-ffff000000a4/value[39m
[35m[HTTP][39m [90m{"id":"00000000-0000-0172-ffff-ffff000000a4","text":"Tintam2233","value":["T","i","n","t","a","m","2","2","3","3"]}[39m
[35m[HTTP][39m [37m<-- POST /wd/hub/session/6a401049-c0a4-4a5a-a772-ec42bf334a05/element/00000000-0000-0172-ffff-ffff000000a4/value [39m[32m200[39m [90m567 ms - 14[39m
[35m[HTTP][39m [90m[39m
[35m[HTTP][39m [37m-->[39m [37mGET[39m [37m/wd/hub/session/6a401049-c0a4-4a5a-a772-ec42bf334a05/source[39m
[35m[HTTP][39m [90m{}[39m
[35m[W3C (6a401049)][39m Driver proxy active, passing request on via HTTP proxy
[35m[WD Proxy][39m Replacing sessionId ffb0cb67-64c5-42d0-8add-e6cfbe61ae32 with 6a401049-c0a4-4a5a-a772-ec42bf334a05
[35m[HTTP][39m [37m<-- GET /wd/hub/session/6a401049-c0a4-4a5a-a772-ec42bf334a05/source [39m[32m200[39m [90m48 ms - 12807[39m
[35m[HTTP][39m [90m[39m
[35m[HTTP][39m [37m-->[39m [37mGET[39m [37m/wd/hub/session/6a401049-c0a4-4a5a-a772-ec42bf334a05/screenshot[39m
[35m[HTTP][39m [90m{}[39m
[35m[HTTP][39m [37m<-- GET /wd/hub/session/6a401049-c0a4-4a5a-a772-ec42bf334a05/screenshot [39m[32m200[39m [90m876 ms - 86658[39m
[35m[HTTP][39m [90m[39m
[35m[HTTP][39m [37m-->[39m [37mPOST[39m [37m/wd/hub/session/6a401049-c0a4-4a5a-a772-ec42bf334a05/elements[39m
[35m[HTTP][39m [90m{"using":"xpath","value":"//*[@class = 'android.widget.Button' and (@text = 'SIGN IN' or . = 'SIGN IN') and @resource-id = 'com.adpog.diary:id/login']"}[39m
[35m[HTTP][39m [37m<-- POST /wd/hub/session/6a401049-c0a4-4a5a-a772-ec42bf334a05/elements [39m[32m200[39m [90m46 ms - 139[39m
[35m[HTTP][39m [90m[39m
[35m[HTTP][39m [37m-->[39m [37mGET[39m [37m/wd/hub/session/6a401049-c0a4-4a5a-a772-ec42bf334a05/window/rect[39m
[35m[HTTP][39m [90m{}[39m
[35m[HTTP][39m [37m<-- GET /wd/hub/session/6a401049-c0a4-4a5a-a772-ec42bf334a05/window/rect [39m[32m200[39m [90m16 ms - 50[39m
[35m[HTTP][39m [90m[39m
[35m[HTTP][39m [37m-->[39m [37mPOST[39m [37m/wd/hub/session/6a401049-c0a4-4a5a-a772-ec42bf334a05/elements[39m
[35m[HTTP][39m [90m{"using":"xpath","value":"//*[@class = 'android.widget.Button' and (@text = 'SIGN IN' or . = 'SIGN IN') and @resource-id = 'com.adpog.diary:id/login']"}[39m
[35m[HTTP][39m [37m<-- POST /wd/hub/session/6a401049-c0a4-4a5a-a772-ec42bf334a05/elements [39m[32m200[39m [90m62 ms - 139[39m
[35m[HTTP][39m [90m[39m
[35m[HTTP][39m [37m-->[39m [37mGET[39m [37m/wd/hub/session/6a401049-c0a4-4a5a-a772-ec42bf334a05/element/00000000-0000-0172-ffff-ffff000000a6/location[39m
[35m[HTTP][39m [90m{}[39m
[35m[W3C (6a401049)][39m Driver proxy active, passing request on via HTTP proxy
[35m[WD Proxy][39m Replacing sessionId ffb0cb67-64c5-42d0-8add-e6cfbe61ae32 with 6a401049-c0a4-4a5a-a772-ec42bf334a05
[35m[HTTP][39m [37m<-- GET /wd/hub/session/6a401049-c0a4-4a5a-a772-ec42bf334a05/element/00000000-0000-0172-ffff-ffff000000a6/location [39m[32m200[39m [90m42 ms - 77[39m
[35m[HTTP][39m [90m[39m
[35m[HTTP][39m [37m-->[39m [37mPOST[39m [37m/wd/hub/session/6a401049-c0a4-4a5a-a772-ec42bf334a05/element/00000000-0000-0172-ffff-ffff000000a6/click[39m
[35m[HTTP][39m [90m{"id":"00000000-0000-0172-ffff-ffff000000a6"}[39m
[35m[HTTP][39m [37m<-- POST /wd/hub/session/6a401049-c0a4-4a5a-a772-ec42bf334a05/element/00000000-0000-0172-ffff-ffff000000a6/click [39m[32m200[39m [90m96 ms - 14[39m
[35m[HTTP][39m [90m[39m
[35m[HTTP][39m [37m-->[39m [37mGET[39m [37m/wd/hub/session/6a401049-c0a4-4a5a-a772-ec42bf334a05/source[39m
[35m[HTTP][39m [90m{}[39m
[35m[W3C (6a401049)][39m Driver proxy active, passing request on via HTTP proxy
[35m[WD Proxy][39m Replacing sessionId ffb0cb67-64c5-42d0-8add-e6cfbe61ae32 with 6a401049-c0a4-4a5a-a772-ec42bf334a05
[35m[HTTP][39m [37m<-- GET /wd/hub/session/6a401049-c0a4-4a5a-a772-ec42bf334a05/source [39m[32m200[39m [90m34 ms - 6664[39m
[35m[HTTP][39m [90m[39m
[35m[HTTP][39m [37m-->[39m [37mGET[39m [37m/wd/hub/session/6a401049-c0a4-4a5a-a772-ec42bf334a05/screenshot[39m
[35m[HTTP][39m [90m{}[39m
[35m[HTTP][39m [37m<-- GET /wd/hub/session/6a401049-c0a4-4a5a-a772-ec42bf334a05/screenshot [39m[32m200[39m [90m460 ms - 45170[39m
[35m[HTTP][39m [90m[39m
[35m[HTTP][39m [37m-->[39m [37mGET[39m [37m/wd/hub/session/6a401049-c0a4-4a5a-a772-ec42bf334a05/context[39m
[35m[HTTP][39m [90m{}[39m
[35m[HTTP][39m [37m<-- GET /wd/hub/session/6a401049-c0a4-4a5a-a772-ec42bf334a05/context [39m[32m200[39m [90m1 ms - 22[39m
[35m[HTTP][39m [90m[39m
[35m[HTTP][39m [37m-->[39m [37mGET[39m [37m/wd/hub/session/6a401049-c0a4-4a5a-a772-ec42bf334a05/contexts[39m
[35m[HTTP][39m [90m{}[39m
[35m[HTTP][39m [37m<-- GET /wd/hub/session/6a401049-c0a4-4a5a-a772-ec42bf334a05/contexts [39m[32m200[39m [90m92 ms - 24[39m
[35m[HTTP][39m [90m[39m
[35m[HTTP][39m [37m-->[39m [37mPOST[39m [37m/wd/hub/session/6a401049-c0a4-4a5a-a772-ec42bf334a05/context[39m
[35m[HTTP][39m [90m{"name":"NATIVE_APP"}[39m
[35m[HTTP][39m [37m<-- POST /wd/hub/session/6a401049-c0a4-4a5a-a772-ec42bf334a05/context [39m[32m200[39m [90m3 ms - 14[39m
[35m[HTTP][39m [90m[39m
[35m[HTTP][39m [37m-->[39m [37mPOST[39m [37m/wd/hub/session/6a401049-c0a4-4a5a-a772-ec42bf334a05/touch/perform[39m
[35m[HTTP][39m [90m{"actions":[{"action":"press","options":{"x":1000,"y":800}},{"action":"wait","options":{"ms":500}},{"action":"moveTo","options":{"x":500,"y":300}},{"action":"release","options":{}}]}[39m
[35m[HTTP][39m [37m<-- POST /wd/hub/session/6a401049-c0a4-4a5a-a772-ec42bf334a05/touch/perform [39m[32m200[39m [90m1335 ms - 14[39m
[35m[HTTP][39m [90m[39m
[35m[HTTP][39m [37m-->[39m [37mPOST[39m [37m/wd/hub/session/6a401049-c0a4-4a5a-a772-ec42bf334a05/context[39m
[35m[HTTP][39m [90m{"name":"NATIVE_APP"}[39m
[35m[HTTP][39m [37m<-- POST /wd/hub/session/6a401049-c0a4-4a5a-a772-ec42bf334a05/context [39m[32m200[39m [90m3 ms - 14[39m
[35m[HTTP][39m [90m[39m
[35m[HTTP][39m [37m-->[39m [37mGET[39m [37m/wd/hub/session/6a401049-c0a4-4a5a-a772-ec42bf334a05/source[39m
[35m[HTTP][39m [90m{}[39m
[35m[W3C (6a401049)][39m Driver proxy active, passing request on via HTTP proxy
[35m[WD Proxy][39m Replacing sessionId ffb0cb67-64c5-42d0-8add-e6cfbe61ae32 with 6a401049-c0a4-4a5a-a772-ec42bf334a05
[35m[HTTP][39m [37m<-- GET /wd/hub/session/6a401049-c0a4-4a5a-a772-ec42bf334a05/source [39m[32m200[39m [90m33 ms - 8639[39m
[35m[HTTP][39m [90m[39m
[35m[HTTP][39m [37m-->[39m [37mGET[39m [37m/wd/hub/session/6a401049-c0a4-4a5a-a772-ec42bf334a05/screenshot[39m
[35m[HTTP][39m [90m{}[39m
[35m[HTTP][39m [37m<-- GET /wd/hub/session/6a401049-c0a4-4a5a-a772-ec42bf334a05/screenshot [39m[32m200[39m [90m401 ms - 71218[39m
[35m[HTTP][39m [90m[39m
[35m[HTTP][39m [37m-->[39m [37mDELETE[39m [37m/wd/hub/session/6a401049-c0a4-4a5a-a772-ec42bf334a05[39m
[35m[HTTP][39m [90m{}[39m
[35m[Appium][39m Removing session 6a401049-c0a4-4a5a-a772-ec42bf334a05 from our master session list
[35m[UiAutomator2][39m Restoring hidden api policy to the device default configuration
[35m[HTTP][39m [37m<-- DELETE /wd/hub/session/6a401049-c0a4-4a5a-a772-ec42bf334a05 [39m[32m200[39m [90m642 ms - 14[39m
[35m[HTTP][39m [90m[39m
